27.12.2013 09:53:25 -> Inet Tarificator (Server) started on KV-CK-CITK-W002.
27.12.2013 09:58:20 -> Inet Tarificator (Server) started on KV-CK-CITK-W002.
27.12.2013 09:58:25 -> Неправильно указан путь для текущего каталога f:\Project\PC\Internet\InetTar\Server
27.12.2013 09:58:25 -> Profiles loaded.
27.12.2013 09:58:25 -> Operator - DEFAULT
27.12.2013 09:58:26 -> CInetTarifDlg.OnTimer GlobalWTime=361 : Reinstall All station.
27.12.2013 09:58:27 -> Lock Workstation number 0
27.12.2013 09:58:29 -> Save Profiles1.
27.12.2013 09:58:29 -> Inet Tarificator is stopped.

27.12.2013 09:59:20 -> Inet Tarificator (Server) started on KV-CK-CITK-W002.
27.12.2013 09:59:21 -> Неправильно указан путь для текущего каталога f:\Project\PC\Internet\InetTar\Server
27.12.2013 09:59:21 -> Profiles loaded.
27.12.2013 09:59:21 -> Operator - DEFAULT
27.12.2013 09:59:23 -> CInetTarifDlg.OnTimer GlobalWTime=361 : Reinstall All station.
27.12.2013 09:59:23 -> Lock Workstation number 0
27.12.2013 09:59:25 -> UnLockStationSock: UnLock Workstation number 0
27.12.2013 09:59:25 -> Enter Setup Dialog
27.12.2013 09:59:32 -> Save Profiles1.
27.12.2013 09:59:32 -> Saved and leaved Setup Dialog
27.12.2013 09:59:32 -> Lock Workstation number 0
27.12.2013 09:59:33 -> CInetTarifDlg.OnTimer GlobalWTime=361 : Reinstall All station.
27.12.2013 09:59:33 -> Lock Workstation number 0
27.12.2013 09:59:35 -> Save Profiles1.
27.12.2013 09:59:35 -> Inet Tarificator is stopped.

27.12.2013 09:59:39 -> Inet Tarificator (Server) started on KV-CK-CITK-W002.
27.12.2013 09:59:40 -> Неправильно указан путь для текущего каталога f:\Project\PC\Internet\InetTar\Server
27.12.2013 09:59:40 -> Profiles loaded.
27.12.2013 09:59:40 -> Operator - DEFAULT
27.12.2013 09:59:41 -> CInetTarifDlg.OnTimer GlobalWTime=361 : Reinstall All station.
27.12.2013 09:59:42 -> Lock Workstation number 0
27.12.2013 09:59:43 -> Save Profiles1.
27.12.2013 09:59:43 -> Inet Tarificator is stopped.

27.12.2013 10:03:52 -> Inet Tarificator (Server) started on KV-CK-CITK-W002.
27.12.2013 10:04:48 -> Inet Tarificator (Server) started on KV-CK-CITK-W002.
27.12.2013 10:04:50 -> Неправильно указан путь для текущего каталога f:\Project\PC\Internet\InetTar\Server - .
27.12.2013 10:04:50 -> Profiles loaded.
27.12.2013 10:04:50 -> Operator - DEFAULT
27.12.2013 10:04:51 -> CInetTarifDlg.OnTimer GlobalWTime=361 : Reinstall All station.
27.12.2013 10:04:52 -> Lock Workstation number 0
27.12.2013 10:04:53 -> Save Profiles1.
27.12.2013 10:04:53 -> Inet Tarificator is stopped.

27.12.2013 10:06:54 -> Inet Tarificator (Server) started on KV-CK-CITK-W002.
27.12.2013 10:06:56 -> Неправильно указан путь для текущего каталога f:\Project\PC\Internet\InetTar\Server - .
27.12.2013 10:06:56 -> Profiles loaded.
27.12.2013 10:06:56 -> Operator - DEFAULT
27.12.2013 10:06:57 -> CInetTarifDlg.OnTimer GlobalWTime=361 : Reinstall All station.
27.12.2013 10:06:57 -> Lock Workstation number 0
27.12.2013 10:06:59 -> UnLockStationSock: UnLock Workstation number 0
27.12.2013 10:06:59 -> Enter Setup Dialog
27.12.2013 10:07:10 -> Save Profiles1.
27.12.2013 10:07:10 -> Saved and leaved Setup Dialog
27.12.2013 10:07:10 -> Lock Workstation number 0
27.12.2013 10:07:10 -> CInetTarifDlg.OnTimer GlobalWTime=361 : Reinstall All station.
27.12.2013 10:07:11 -> Lock Workstation number 0
27.12.2013 10:07:13 -> UnLockStationSock: UnLock Workstation number 0
27.12.2013 10:07:13 -> Enter Setup Dialog
27.12.2013 10:07:17 -> Save Profiles1.
27.12.2013 10:07:17 -> Saved and leaved Setup Dialog
27.12.2013 10:07:18 -> Lock Workstation number 0
27.12.2013 10:07:18 -> CInetTarifDlg.OnTimer GlobalWTime=361 : Reinstall All station.
27.12.2013 10:07:18 -> Lock Workstation number 0
27.12.2013 10:07:21 -> Save Profiles1.
27.12.2013 10:07:21 -> Inet Tarificator is stopped.

27.12.2013 10:10:50 -> Inet Tarificator (Server) started on KV-CK-CITK-W002.
27.12.2013 10:40:00 -> Неправильно указан путь для текущего каталога f:\Project\PC\Internet\InetTar\Server - .
27.12.2013 10:40:00 -> Profiles loaded.
27.12.2013 10:40:00 -> Operator - DEFAULT
27.12.2013 10:40:01 -> CInetTarifDlg.OnTimer GlobalWTime=361 : Reinstall All station.
27.12.2013 10:40:02 -> Lock Workstation number 0
27.12.2013 10:40:03 -> UnLockStationSock: UnLock Workstation number 0
27.12.2013 10:40:03 -> Enter Setup Dialog
27.12.2013 10:40:18 -> Lock Workstation number 0
27.12.2013 10:40:18 -> CInetTarifDlg.OnTimer GlobalWTime=361 : Reinstall All station.
27.12.2013 10:40:18 -> Lock Workstation number 0
27.12.2013 10:46:17 -> CInetTarifDlg.OnTimer GlobalWTime=360 : Reinstall All station.
27.12.2013 10:46:18 -> Lock Workstation number 0
27.12.2013 10:47:04 -> UnLockStationSock: UnLock Workstation number 0
27.12.2013 10:47:04 -> Enter Setup Dialog
27.12.2013 10:48:11 -> Save Profiles1.
27.12.2013 10:48:11 -> Saved and leaved Setup Dialog
27.12.2013 10:48:11 -> Lock Workstation number 0
27.12.2013 10:48:11 -> CInetTarifDlg.OnTimer GlobalWTime=361 : Reinstall All station.
27.12.2013 10:48:12 -> Lock Workstation number 0
27.12.2013 10:48:16 -> UnLockStationSock: UnLock Workstation number 0
27.12.2013 10:48:16 -> Enter Setup Dialog
27.12.2013 10:49:16 -> Save Profiles1.
27.12.2013 10:49:16 -> Saved and leaved Setup Dialog
27.12.2013 10:49:18 -> Lock Workstation number 0
27.12.2013 10:49:18 -> CInetTarifDlg.OnTimer GlobalWTime=361 : Reinstall All station.
27.12.2013 10:49:19 -> Lock Workstation number 0
27.12.2013 10:49:21 -> UnLockStationSock: UnLock Workstation number 0
27.12.2013 10:49:21 -> Enter Setup Dialog
27.12.2013 10:50:09 -> Save Profiles1.
27.12.2013 10:50:09 -> Saved and leaved Setup Dialog
27.12.2013 10:50:09 -> Lock Workstation number 0
27.12.2013 10:50:09 -> CInetTarifDlg.OnTimer GlobalWTime=361 : Reinstall All station.
27.12.2013 10:50:10 -> Lock Workstation number 0
27.12.2013 10:50:13 -> UnLockStationSock: UnLock Workstation number 0
27.12.2013 10:50:13 -> Enter Setup Dialog
27.12.2013 10:50:34 -> Save Profiles1.
27.12.2013 10:50:34 -> Saved and leaved Setup Dialog
27.12.2013 10:50:34 -> Lock Workstation number 0
27.12.2013 10:50:34 -> CInetTarifDlg.OnTimer GlobalWTime=361 : Reinstall All station.
27.12.2013 10:50:35 -> Lock Workstation number 0
27.12.2013 10:53:36 -> UnLockStationSock: UnLock Workstation number 0
27.12.2013 10:53:36 -> Enter Setup Dialog
27.12.2013 10:57:53 -> Save Profiles1.
27.12.2013 10:57:53 -> Saved and leaved Setup Dialog
27.12.2013 10:57:54 -> Lock Workstation number 0
27.12.2013 10:57:54 -> CInetTarifDlg.OnTimer GlobalWTime=361 : Reinstall All station.
27.12.2013 10:57:54 -> Lock Workstation number 0
27.12.2013 10:57:59 -> UnLockStationSock: UnLock Workstation number 0
27.12.2013 10:57:59 -> Enter Setup Dialog
27.12.2013 10:58:04 -> Save Profiles1.
27.12.2013 10:58:04 -> Saved and leaved Setup Dialog
27.12.2013 10:58:05 -> Lock Workstation number 0
27.12.2013 10:58:05 -> CInetTarifDlg.OnTimer GlobalWTime=361 : Reinstall All station.
27.12.2013 10:58:05 -> Lock Workstation number 0
27.12.2013 10:58:09 -> Save Profiles1.
27.12.2013 10:58:09 -> Inet Tarificator is stopped.

27.12.2013 11:13:48 -> Inet Tarificator (Server) started on KV-CK-CITK-W002.
30.12.2013 09:19:47 -> Inet Tarificator (Server) started on KV-CK-CITK-W002.
30.12.2013 14:59:54 -> Inet Tarificator (Server) started on KV-CK-CITK-W002.
30.12.2013 15:00:03 -> Неправильно указан путь для текущего каталога
30.12.2013 15:00:03 -> Profiles loaded.
30.12.2013 15:00:03 -> Operator - DEFAULT
30.12.2013 15:00:05 -> OnTimer GlobalWTime=361, thr=0, thr360=0, thr77=0: Reinstall All station.
30.12.2013 15:00:05 -> Begin Lock Workstation number 0
30.12.2013 15:00:05 -> Begin Reseive Workstation number 0
30.12.2013 15:00:13 -> End Lock Workstation number 0
30.12.2013 15:00:22 -> Show station number 1
30.12.2013 15:00:24 -> Печать чека 9$1$100$Станція N 1
30.12.2013 15:00:24 -> Start session in station #1. Тарифный пакет #0
          Statistics: Залог - 1.00, Осталось времени - 85, Тариф - 0.01, Использовано сек. - -10
30.12.2013 15:00:25 -> UnLockStationSock: UnLock Workstation number 0
30.12.2013 15:00:25 -> Writing avans.ini
30.12.2013 15:01:50 -> Begin Lock Workstation number 0
30.12.2013 15:01:50 -> Begin Reseive Workstation number 0
30.12.2013 15:02:52 -> End Lock Workstation number 0
30.12.2013 15:02:55 -> Закончилось время. Station #1
30.12.2013 15:03:06 -> Begin Lock Workstation number 0
30.12.2013 15:03:07 -> Begin Reseive Workstation number 0
30.12.2013 15:04:32 -> Inet Tarificator (Server) started on KV-CK-CITK-W002.
30.12.2013 15:04:33 -> Неправильно указан путь для текущего каталога
30.12.2013 15:04:33 -> Profiles loaded.
30.12.2013 15:04:33 -> Operator - DEFAULT
30.12.2013 15:04:35 -> OnTimer GlobalWTime=361, thr=0, thr360=0, thr77=0: Reinstall All station.
30.12.2013 15:04:35 -> Begin Lock Workstation number 0
30.12.2013 15:04:35 -> Begin Lock Workstation number 0
30.12.2013 15:04:52 -> Begin Reseive Workstation number 0
30.12.2013 15:04:59 -> End Lock Workstation number 0
30.12.2013 15:05:02 -> Закончилось время. Station #1
30.12.2013 15:05:28 -> Begin Reseive Workstation number 0
30.12.2013 15:05:37 -> ZaprosSock: recv() failed: error 10054
30.12.2013 15:05:51 -> Begin Lock Workstation number 0
30.12.2013 15:06:06 -> Begin Reseive Workstation number 0
30.12.2013 15:06:20 -> ZaprosSock: recv() failed: error 10054
30.12.2013 15:06:20 -> ZaprosSock: recv() failed: error 10054
30.12.2013 15:06:20 -> Stop session in station #1
30.12.2013 15:06:20 -> Calculate station number 1
30.12.2013 15:06:22 -> 		Статистика: залог - 1.00, секунд - 00:01:15, сумма - 0.99, остаток - 0.01
30.12.2013 15:06:23 -> Печать чека 9$0$100$Станція N  1
P$100$1$0$1$0$1$IНТЕРНЕТ/КОР КОМП$99$999000
@$Станція №  1 
!$100$1000
2$100$0

30.12.2013 15:06:23 -> Создан файл чека для РФ. Выход из окна окончательного расчета
30.12.2013 15:06:26 -> Begin Lock Workstation number 0
30.12.2013 15:06:49 -> Begin Reseive Workstation number 0
30.12.2013 15:06:56 -> Begin Lock Workstation number 0
30.12.2013 15:06:59 -> Begin Reseive Workstation number 0
30.12.2013 15:07:11 -> Begin Lock Workstation number 0
30.12.2013 15:07:19 -> Begin Reseive Workstation number 0
30.12.2013 15:07:51 -> Begin Lock Workstation number 0
30.12.2013 15:07:52 -> LockStationSock: connect() failed: 10061
30.12.2013 15:07:54 -> Begin Lock Workstation number 0
30.12.2013 15:07:55 -> LockStationSock: connect() failed: 10061
30.12.2013 15:08:09 -> Begin Lock Workstation number 0
30.12.2013 15:08:10 -> LockStationSock: connect() failed: 10061
30.12.2013 15:08:19 -> Begin Lock Workstation number 0
30.12.2013 15:08:20 -> LockStationSock: connect() failed: 10061
30.12.2013 15:08:42 -> Inet Tarificator (Server) started on KV-CK-CITK-W002.
30.12.2013 15:08:44 -> Неправильно указан путь для текущего каталога
30.12.2013 15:08:44 -> Profiles loaded.
30.12.2013 15:08:44 -> Operator - DEFAULT
30.12.2013 15:08:45 -> OnTimer GlobalWTime=361, thr=0, thr360=0, thr77=0: Reinstall All station.
30.12.2013 15:08:45 -> Begin Lock Workstation number 0
30.12.2013 15:08:46 -> LockStationSock: connect() failed: 10061
30.12.2013 15:09:07 -> Begin Lock Workstation number 0
30.12.2013 15:09:08 -> LockStationSock: connect() failed: 10061
30.12.2013 15:09:10 -> Begin Lock Workstation number 0
30.12.2013 15:09:12 -> LockStationSock: connect() failed: 10061
30.12.2013 15:09:56 -> Begin Lock Workstation number 0
30.12.2013 15:09:58 -> LockStationSock: connect() failed: 10061
30.12.2013 15:10:09 -> UnLockStationSock: connect() failed: 10061
30.12.2013 15:10:09 -> Enter Setup Dialog
30.12.2013 15:10:11 -> Save Profiles1.
30.12.2013 15:10:11 -> Saved and leaved Setup Dialog
30.12.2013 15:10:11 -> Begin Lock Workstation number 0
30.12.2013 15:10:12 -> LockStationSock: connect() failed: 10061
30.12.2013 15:10:13 -> OnTimer GlobalWTime=361, thr=0, thr360=0, thr77=0: Reinstall All station.
30.12.2013 15:10:13 -> Begin Lock Workstation number 0
30.12.2013 15:10:14 -> LockStationSock: connect() failed: 10061
30.12.2013 15:10:53 -> Inet Tarificator (Server) started on KV-CK-CITK-W002.
30.12.2013 15:10:54 -> Неправильно указан путь для текущего каталога
30.12.2013 15:10:54 -> Profiles loaded.
30.12.2013 15:10:54 -> Operator - DEFAULT
30.12.2013 15:10:55 -> OnTimer GlobalWTime=361, thr=0, thr360=0, thr77=0: Reinstall All station.
30.12.2013 15:10:55 -> Begin Lock Workstation number 0
30.12.2013 15:10:57 -> LockStationSock: connect() failed: 10061
30.12.2013 15:11:27 -> Save Profiles1.
30.12.2013 15:11:27 -> Inet Tarificator is stopped.

30.12.2013 15:14:11 -> Inet Tarificator (Server) started on KV-CK-CITK-W002.
30.12.2013 15:14:12 -> Неправильно указан путь для текущего каталога
30.12.2013 15:14:13 -> Profiles loaded.
30.12.2013 15:14:13 -> Operator - DEFAULT
30.12.2013 15:14:16 -> OnTimer GlobalWTime=361, thr=0, thr360=0, thr77=0: Reinstall All station.
30.12.2013 15:14:16 -> Begin Lock Workstation number 0
30.12.2013 15:14:17 -> LockStationSock: connect() failed: 10061
30.12.2013 15:16:20 -> Begin Lock Workstation number 0
30.12.2013 15:16:22 -> LockStationSock: connect() failed: 10061
30.12.2013 15:17:35 -> Begin Lock Workstation number 0
30.12.2013 15:17:36 -> LockStationSock: connect() failed: 10061
30.12.2013 15:18:03 -> Begin Lock Workstation number 0
30.12.2013 15:18:04 -> LockStationSock: connect() failed: 10061
30.12.2013 15:18:16 -> Begin Lock Workstation number 0
30.12.2013 15:18:17 -> LockStationSock: connect() failed: 10061
30.12.2013 15:20:49 -> OnTimer GlobalWTime=360, thr=0, thr360=0, thr77=0: Reinstall All station.
30.12.2013 15:26:24 -> Begin Lock Workstation number 0
30.12.2013 15:26:25 -> LockStationSock: connect() failed: 10061
30.12.2013 15:26:49 -> OnTimer GlobalWTime=360, thr=0, thr360=0, thr77=0: Reinstall All station.
30.12.2013 15:27:21 -> Save Profiles1.
30.12.2013 15:27:21 -> Inet Tarificator is stopped.

30.12.2013 16:17:46 -> Inet Tarificator (Server) started on KV-CK-CITK-W002.
30.12.2013 16:17:48 -> Неправильно указан путь для текущего каталога
30.12.2013 16:17:48 -> Profiles loaded.
30.12.2013 16:17:48 -> Operator - DEFAULT
30.12.2013 16:17:49 -> OnTimer GlobalWTime=361, thr=0, thr360=0, thr77=0: Reinstall All station.
30.12.2013 16:17:49 -> Begin Lock Workstation number 0
30.12.2013 16:17:56 -> Begin Reseive Workstation number 0
30.12.2013 16:18:03 -> End Lock Workstation number 0
30.12.2013 16:18:19 -> Begin Lock Workstation number 0
30.12.2013 16:18:23 -> Begin Reseive Workstation number 0
30.12.2013 16:18:29 -> Begin Lock Workstation number 0
30.12.2013 16:18:49 -> End Lock Workstation number 0
30.12.2013 16:18:52 -> Begin Reseive Workstation number 0
30.12.2013 16:18:56 -> End Lock Workstation number 0
30.12.2013 16:19:06 -> Begin Lock Workstation number 0
30.12.2013 16:19:09 -> Begin Reseive Workstation number 0
30.12.2013 16:19:16 -> End Lock Workstation number 0
30.12.2013 16:19:34 -> Begin Lock Workstation number 0
30.12.2013 16:19:40 -> Begin Reseive Workstation number 0
30.12.2013 16:19:47 -> Begin Lock Workstation number 0
30.12.2013 16:20:07 -> End Lock Workstation number 0
30.12.2013 16:20:07 -> Begin Reseive Workstation number 0
30.12.2013 16:20:14 -> ZaprosSock: recv() failed: error 10054
30.12.2013 16:20:18 -> Begin Lock Workstation number 0
30.12.2013 16:20:23 -> Begin Reseive Workstation number 0
30.12.2013 16:20:29 -> Begin Lock Workstation number 0
30.12.2013 16:20:31 -> Begin Reseive Workstation number 0
30.12.2013 16:20:46 -> Begin Lock Workstation number 0
30.12.2013 16:20:51 -> Begin Reseive Workstation number 0
30.12.2013 16:22:37 -> Begin Lock Workstation number 0
30.12.2013 16:22:41 -> Begin Reseive Workstation number 0
30.12.2013 16:23:10 -> Save Profiles1.
30.12.2013 16:23:10 -> Inet Tarificator is stopped.

30.12.2013 16:24:38 -> Inet Tarificator (Server) started on KV-CK-CITK-W002.
30.12.2013 16:24:54 -> Неправильно указан путь для текущего каталога
30.12.2013 16:24:55 -> Profiles loaded.
30.12.2013 16:24:55 -> Operator - DEFAULT
30.12.2013 16:24:56 -> OnTimer GlobalWTime=361, thr=0, thr360=0, thr77=0: Reinstall All station.
30.12.2013 16:24:56 -> Begin Lock Workstation number 0
30.12.2013 16:25:03 -> Begin Reseive Workstation number 0
30.12.2013 16:26:00 -> Begin Lock Workstation number 0
30.12.2013 16:26:02 -> LockStationSock: connect() failed: 10061
30.12.2013 16:26:08 -> Begin Lock Workstation number 0
30.12.2013 16:26:09 -> LockStationSock: connect() failed: 10061
30.12.2013 16:26:54 -> Begin Lock Workstation number 0
30.12.2013 16:27:21 -> LockStationSock: connect() failed: 10053
30.12.2013 16:27:21 -> Lock Workstation: recv() failed: error 10054
30.12.2013 16:27:27 -> Begin Lock Workstation number 0
30.12.2013 16:27:27 -> LockStationSock: connect() failed: 10065
30.12.2013 16:27:33 -> Begin Lock Workstation number 0
30.12.2013 16:27:33 -> LockStationSock: Client: Cannot resolve address [x]: Error 11001
30.12.2013 16:27:48 -> Begin Lock Workstation number 0
30.12.2013 16:27:49 -> LockStationSock: connect() failed: 10061
30.12.2013 16:29:11 -> Begin Lock Workstation number 0
30.12.2013 16:29:11 -> LockStationSock: Client: Cannot resolve address [x]: Error 11001
30.12.2013 16:29:20 -> Begin Lock Workstation number 0
30.12.2013 16:29:20 -> LockStationSock: Client: Cannot resolve address [x]: Error 11001
30.12.2013 16:30:02 -> Begin Lock Workstation number 0
30.12.2013 16:30:03 -> LockStationSock: connect() failed: 10061
30.12.2013 16:31:24 -> OnTimer GlobalWTime=360, thr=0, thr360=0, thr77=0: Reinstall All station.
30.12.2013 16:37:24 -> OnTimer GlobalWTime=360, thr=0, thr360=0, thr77=0: Reinstall All station.
30.12.2013 16:43:24 -> OnTimer GlobalWTime=360, thr=0, thr360=0, thr77=0: Reinstall All station.
30.12.2013 16:49:24 -> OnTimer GlobalWTime=360, thr=0, thr360=0, thr77=0: Reinstall All station.
31.12.2013 09:04:07 -> Inet Tarificator (Server) started on KV-CK-CITK-W002.
31.12.2013 09:04:40 -> Неправильно указан путь для текущего каталога
31.12.2013 09:04:40 -> Profiles loaded.
31.12.2013 09:04:40 -> Operator - DEFAULT
31.12.2013 09:04:42 -> OnTimer GlobalWTime=361, thr=0, thr360=0, thr77=0: Reinstall All station.
31.12.2013 09:04:42 -> Begin Lock Workstation number 0
31.12.2013 09:04:46 -> Begin Reseive Workstation number 0
31.12.2013 09:04:46 -> End Lock Workstation number 0
31.12.2013 09:04:56 -> Begin Lock Workstation number 0
31.12.2013 09:05:37 -> LockStationSock: send() failed: error 10054
31.12.2013 09:05:50 -> Begin Lock Workstation number 0
31.12.2013 09:05:55 -> Begin Reseive Workstation number 0
31.12.2013 09:05:55 -> End Lock Workstation number 0
31.12.2013 09:06:04 -> Begin Lock Workstation number 0
31.12.2013 09:06:13 -> LockStationSock: send() failed: error 10054
31.12.2013 09:06:32 -> Begin Lock Workstation number 0
31.12.2013 09:06:38 -> Begin Reseive Workstation number 0
31.12.2013 09:06:54 -> End Lock Workstation number 0
31.12.2013 09:07:13 -> Begin Lock Workstation number 0
31.12.2013 09:07:16 -> Begin Reseive Workstation number 0
31.12.2013 09:07:20 -> End Lock Workstation number 0
31.12.2013 09:07:27 -> Begin Lock Workstation number 0
31.12.2013 09:07:29 -> Begin Reseive Workstation number 0
31.12.2013 09:07:40 -> End Lock Workstation number 0
31.12.2013 09:07:53 -> Begin Lock Workstation number 0
31.12.2013 09:07:53 -> LockStationSock: Client: Cannot resolve address [x]: Error 11001
31.12.2013 09:07:59 -> Begin Lock Workstation number 0
31.12.2013 09:07:59 -> LockStationSock: Client: Cannot resolve address [x]: Error 11004
31.12.2013 09:08:15 -> Begin Lock Workstation number 0
31.12.2013 09:08:16 -> LockStationSock: connect() failed: 10061
31.12.2013 09:08:19 -> Begin Lock Workstation number 0
31.12.2013 09:08:20 -> LockStationSock: connect() failed: 10061
31.12.2013 09:08:22 -> Begin Lock Workstation number 0
31.12.2013 09:08:24 -> LockStationSock: connect() failed: 10061
31.12.2013 09:08:25 -> Begin Lock Workstation number 0
31.12.2013 09:08:26 -> LockStationSock: connect() failed: 10061
31.12.2013 09:08:33 -> Begin Lock Workstation number 0
31.12.2013 09:08:34 -> LockStationSock: connect() failed: 10061
31.12.2013 09:08:35 -> Begin Lock Workstation number 0
31.12.2013 09:08:37 -> LockStationSock: connect() failed: 10061
31.12.2013 09:08:38 -> Begin Lock Workstation number 0
31.12.2013 09:08:39 -> LockStationSock: connect() failed: 10061
31.12.2013 09:08:40 -> Begin Lock Workstation number 0
31.12.2013 09:08:41 -> LockStationSock: connect() failed: 10061
31.12.2013 09:10:58 -> Begin Lock Workstation number 0
31.12.2013 09:11:00 -> Begin Reseive Workstation number 0
31.12.2013 09:11:01 -> End Lock Workstation number 0
31.12.2013 09:11:13 -> Show station number 1
31.12.2013 09:11:16 -> Печать чека 9$1$200$Станція N 1
31.12.2013 09:11:17 -> Start session in station #1. Тарифный пакет #0
          Statistics: Залог - 2.00, Осталось времени - 161, Тариф - 0.01, Использовано сек. - -10
31.12.2013 09:11:17 -> UnLockStationSock: UnLock Workstation number 0
31.12.2013 09:11:17 -> Writing avans.ini
31.12.2013 09:16:40 -> Inet Tarificator (Server) started on KV-CK-CITK-W002.
31.12.2013 09:16:41 -> Неправильно указан путь для текущего каталога
31.12.2013 09:16:41 -> Profiles loaded.
31.12.2013 09:16:41 -> Operator - DEFAULT
31.12.2013 09:16:43 -> OnTimer GlobalWTime=361, thr=0, thr360=0, thr77=0: Reinstall All station.
31.12.2013 09:16:43 -> Begin Lock Workstation number 0
31.12.2013 09:16:49 -> Begin Reseive Workstation number 0
31.12.2013 09:16:50 -> End Lock Workstation number 0
31.12.2013 09:16:52 -> Begin Lock Workstation number 0
31.12.2013 09:16:53 -> Begin Reseive Workstation number 0
31.12.2013 09:16:56 -> End Lock Workstation number 0
31.12.2013 09:17:00 -> Закончилось время. Station #1
31.12.2013 09:17:11 -> Begin Lock Workstation number 0
31.12.2013 09:17:12 -> Begin Reseive Workstation number 0
31.12.2013 09:17:13 -> End Lock Workstation number 0
31.12.2013 09:17:13 -> Stop session in station #1
31.12.2013 09:17:22 -> Печать чека 9$1$200$Станція N 1
31.12.2013 09:17:22 -> Start session in station #1. Тарифный пакет #0
          Statistics: Залог - 4.00, Осталось времени - 162, Тариф - 0.01, Использовано сек. - -10
31.12.2013 09:17:23 -> UnLockStationSock: UnLock Workstation number 0
31.12.2013 09:17:23 -> Writing avans.ini
31.12.2013 09:18:37 -> Begin Lock Workstation number 0
31.12.2013 09:18:40 -> Begin Reseive Workstation number 0
31.12.2013 09:18:48 -> End Lock Workstation number 0
31.12.2013 09:18:48 -> Stop session in station #1
31.12.2013 09:18:48 -> Calculate station number 1
31.12.2013 09:18:51 -> 		Статистика: залог - 4.00, секунд - 00:02:40, сумма - 2.11, остаток - 1.89
31.12.2013 09:18:51 -> Печать чека 9$0$400$Станція N  1
P$100$1$0$1$0$1$IНТЕРНЕТ/КОР КОМП$211$999000
@$Станція №  1 
!$100$1000
2$400$0

31.12.2013 09:18:51 -> Создан файл чека для РФ. Выход из окна окончательного расчета
31.12.2013 09:19:09 -> Begin Lock Workstation number 0
31.12.2013 09:19:12 -> Begin Reseive Workstation number 0
31.12.2013 09:19:19 -> End Lock Workstation number 0
31.12.2013 09:19:25 -> Begin Lock Workstation number 0
31.12.2013 09:19:25 -> LockStationSock: Client: Cannot resolve address [x]: Error 11001
31.12.2013 09:19:27 -> Begin Lock Workstation number 0
31.12.2013 09:19:27 -> LockStationSock: Client: Cannot resolve address [x]: Error 11004
31.12.2013 09:19:33 -> Begin Lock Workstation number 0
31.12.2013 09:19:35 -> Begin Reseive Workstation number 0
31.12.2013 09:19:43 -> End Lock Workstation number 0
31.12.2013 09:19:55 -> Begin Lock Workstation number 0
31.12.2013 09:19:57 -> Begin Reseive Workstation number 0
31.12.2013 09:20:02 -> End Lock Workstation number 0
31.12.2013 09:20:07 -> Begin Lock Workstation number 0
31.12.2013 09:20:08 -> LockStationSock: Client: Cannot resolve address [x]: Error 11001
31.12.2013 09:20:09 -> Begin Lock Workstation number 0
31.12.2013 09:20:09 -> LockStationSock: Client: Cannot resolve address [x]: Error 11004
31.12.2013 09:20:14 -> Begin Lock Workstation number 0
31.12.2013 09:20:14 -> LockStationSock: Client: Cannot resolve address [x]: Error 11004
31.12.2013 09:20:18 -> Begin Lock Workstation number 0
31.12.2013 09:20:26 -> LockStationSock: send() failed: error 10054
31.12.2013 09:20:32 -> Begin Lock Workstation number 0
31.12.2013 09:20:32 -> LockStationSock: Client: Cannot resolve address [x]: Error 11001
31.12.2013 09:20:37 -> Begin Lock Workstation number 0
31.12.2013 09:20:37 -> LockStationSock: Client: Cannot resolve address [x]: Error 11004
31.12.2013 09:20:42 -> Begin Lock Workstation number 0
31.12.2013 09:20:45 -> Begin Reseive Workstation number 0
31.12.2013 09:20:53 -> End Lock Workstation number 0
31.12.2013 09:20:59 -> Begin Lock Workstation number 0
31.12.2013 09:20:59 -> LockStationSock: Client: Cannot resolve address [x]: Error 11001
31.12.2013 09:21:08 -> Begin Lock Workstation number 0
31.12.2013 09:21:15 -> Begin Reseive Workstation number 0
31.12.2013 09:21:24 -> End Lock Workstation number 0
31.12.2013 09:21:32 -> Begin Lock Workstation number 0
31.12.2013 09:21:32 -> LockStationSock: Client: Cannot resolve address [x]: Error 11001
31.12.2013 09:21:40 -> Begin Lock Workstation number 0
31.12.2013 09:21:43 -> Begin Reseive Workstation number 0
31.12.2013 09:21:44 -> End Lock Workstation number 0
31.12.2013 09:21:50 -> Show station number 1
31.12.2013 09:21:53 -> Печать чека 9$1$100$Станція N 1
31.12.2013 09:21:53 -> Start session in station #1. Тарифный пакет #0
          Statistics: Залог - 1.00, Осталось времени - 85, Тариф - 0.01, Использовано сек. - -10
31.12.2013 09:21:54 -> UnLockStationSock: UnLock Workstation number 0
31.12.2013 09:21:54 -> Writing avans.ini
31.12.2013 09:22:36 -> Begin Lock Workstation number 0
31.12.2013 09:22:37 -> LockStationSock: connect() failed: 10061
31.12.2013 09:22:37 -> Stop session in station #1
31.12.2013 09:22:37 -> Calculate station number 1
31.12.2013 09:22:39 -> 		Статистика: залог - 1.00, секунд - 00:00:23, сумма - 0.30, остаток - 0.70
31.12.2013 09:22:39 -> Печать чека 9$0$100$Станція N  1
P$100$1$0$1$0$1$IНТЕРНЕТ/КОР КОМП$30$999000
@$Станція №  1 
!$100$1000
2$100$0

31.12.2013 09:22:39 -> Создан файл чека для РФ. Выход из окна окончательного расчета
31.12.2013 09:22:47 -> Begin Lock Workstation number 0
31.12.2013 09:22:48 -> LockStationSock: connect() failed: 10061
31.12.2013 09:22:54 -> Begin Lock Workstation number 0
31.12.2013 09:22:55 -> LockStationSock: connect() failed: 10061
31.12.2013 09:22:59 -> Begin Lock Workstation number 0
31.12.2013 09:23:00 -> LockStationSock: connect() failed: 10061
31.12.2013 09:23:18 -> ZaprosSock: recv() failed: error 10054
31.12.2013 09:43:32 -> Inet Tarificator (Server) started on KV-CK-CITK-W002.
31.12.2013 09:43:34 -> Неправильно указан путь для текущего каталога
31.12.2013 09:43:34 -> Profiles loaded.
31.12.2013 09:43:34 -> Operator - DEFAULT
31.12.2013 09:43:36 -> OnTimer GlobalWTime=361, thr=0, thr360=0, thr77=0: Reinstall All station.
31.12.2013 09:43:36 -> Begin Lock Workstation number 0
31.12.2013 09:43:40 -> Begin Reseive Workstation number 0
31.12.2013 09:43:46 -> End Lock Workstation number 0
31.12.2013 09:43:55 -> Begin Lock Workstation number 0
31.12.2013 09:44:01 -> LockStationSock: send() failed: error 10054
31.12.2013 09:44:05 -> Begin Lock Workstation number 0
31.12.2013 09:44:06 -> LockStationSock: Client: Cannot resolve address [x]: Error 11001
31.12.2013 09:44:12 -> Begin Lock Workstation number 0
31.12.2013 09:44:15 -> Begin Reseive Workstation number 0
31.12.2013 09:44:22 -> End Lock Workstation number 0
31.12.2013 09:44:27 -> Begin Lock Workstation number 0
31.12.2013 09:44:28 -> LockStationSock: Client: Cannot resolve address [x]: Error 11001
31.12.2013 09:44:30 -> Begin Lock Workstation number 0
31.12.2013 09:44:30 -> LockStationSock: Client: Cannot resolve address [x]: Error 11004
31.12.2013 09:44:36 -> Begin Lock Workstation number 0
31.12.2013 09:44:42 -> Begin Reseive Workstation number 0
31.12.2013 09:44:47 -> End Lock Workstation number 0
31.12.2013 09:44:53 -> Begin Lock Workstation number 0
31.12.2013 09:44:53 -> LockStationSock: Client: Cannot resolve address [x]: Error 11001
31.12.2013 09:45:02 -> Begin Lock Workstation number 0
31.12.2013 09:45:09 -> LockStationSock: send() failed: error 10054
31.12.2013 09:45:14 -> Begin Lock Workstation number 0
31.12.2013 09:45:14 -> LockStationSock: Client: Cannot resolve address [x]: Error 11001
31.12.2013 09:45:19 -> Begin Lock Workstation number 0
31.12.2013 09:45:22 -> Begin Reseive Workstation number 0
31.12.2013 09:45:31 -> End Lock Workstation number 0
31.12.2013 09:45:43 -> Show station number 1
31.12.2013 09:45:46 -> Печать чека 9$1$100$Станція N 1
31.12.2013 09:45:47 -> Start session in station #1. Тарифный пакет #0
          Statistics: Залог - 1.00, Осталось времени - 85, Тариф - 0.01, Использовано сек. - -10
31.12.2013 09:45:47 -> UnLockStationSock: UnLock Workstation number 0
31.12.2013 09:45:47 -> Writing avans.ini
31.12.2013 09:45:52 -> Begin Lock Workstation number 0
31.12.2013 09:45:53 -> ZaprosSock: connect() failed: 10061
31.12.2013 09:45:53 -> LockStationSock: connect() failed: 10061
31.12.2013 09:45:54 -> Stop session in station #1
31.12.2013 09:45:54 -> Calculate station number 1
31.12.2013 09:45:55 -> 		Статистика: залог - 1.00, секунд - 00:00:00, сумма - 0.00, остаток - 1.00
31.12.2013 09:45:55 -> Печать чека 9$0$100$Станція N  1

31.12.2013 09:45:55 -> Создан файл чека для РФ. Выход из окна окончательного расчета
31.12.2013 09:45:58 -> Begin Lock Workstation number 0
31.12.2013 09:45:59 -> LockStationSock: connect() failed: 10061
31.12.2013 09:48:15 -> Begin Lock Workstation number 0
31.12.2013 09:48:17 -> Begin Reseive Workstation number 0
31.12.2013 09:48:18 -> End Lock Workstation number 0
31.12.2013 09:48:29 -> Begin Lock Workstation number 0
31.12.2013 09:48:31 -> Begin Reseive Workstation number 0
31.12.2013 09:48:35 -> End Lock Workstation number 0
31.12.2013 09:48:47 -> Begin Lock Workstation number 0
31.12.2013 09:48:47 -> LockStationSock: Client: Cannot resolve address [x]: Error 11001
31.12.2013 09:48:53 -> Begin Lock Workstation number 0
31.12.2013 09:48:57 -> Begin Reseive Workstation number 0
31.12.2013 09:49:10 -> End Lock Workstation number 0
31.12.2013 09:49:22 -> Begin Lock Workstation number 0
31.12.2013 09:49:25 -> Begin Reseive Workstation number 0
31.12.2013 09:49:31 -> End Lock Workstation number 0
31.12.2013 09:49:39 -> Show station number 1
31.12.2013 09:49:41 -> Печать чека 9$1$200$Станція N 1
31.12.2013 09:49:41 -> Start session in station #1. Тарифный пакет #0
          Statistics: Залог - 2.00, Осталось времени - 161, Тариф - 0.01, Использовано сек. - -10
31.12.2013 09:49:42 -> UnLockStationSock: UnLock Workstation number 0
31.12.2013 09:49:42 -> Writing avans.ini
31.12.2013 09:49:44 -> Begin Lock Workstation number 0
31.12.2013 09:49:46 -> Begin Reseive Workstation number 0
31.12.2013 09:49:51 -> End Lock Workstation number 0
31.12.2013 09:49:51 -> Stop session in station #1
31.12.2013 09:49:51 -> Calculate station number 1
31.12.2013 09:49:53 -> 		Статистика: залог - 2.00, секунд - 00:00:00, сумма - 0.00, остаток - 2.00
31.12.2013 09:49:53 -> Печать чека 9$0$200$Станція N  1

31.12.2013 09:49:53 -> Создан файл чека для РФ. Выход из окна окончательного расчета
31.12.2013 09:50:01 -> Begin Lock Workstation number 0
31.12.2013 09:50:04 -> Begin Reseive Workstation number 0
31.12.2013 09:50:10 -> End Lock Workstation number 0
31.12.2013 09:50:17 -> Begin Lock Workstation number 0
31.12.2013 09:50:17 -> LockStationSock: Client: Cannot resolve address [x]: Error 11001
31.12.2013 09:50:27 -> Begin Lock Workstation number 0
31.12.2013 09:50:33 -> LockStationSock: send() failed: error 10053
31.12.2013 09:50:37 -> Begin Lock Workstation number 0
31.12.2013 09:50:37 -> LockStationSock: Client: Cannot resolve address [x]: Error 11001
31.12.2013 09:50:43 -> Begin Lock Workstation number 0
31.12.2013 09:50:45 -> Begin Reseive Workstation number 0
31.12.2013 09:50:50 -> End Lock Workstation number 0
31.12.2013 09:50:53 -> Show station number 1
31.12.2013 09:50:59 -> Show station number 1
31.12.2013 09:51:01 -> Печать чека 9$1$200$Станція N 1
31.12.2013 09:51:01 -> Start session in station #1. Тарифный пакет #0
          Statistics: Залог - 2.00, Осталось времени - 161, Тариф - 0.01, Использовано сек. - -10
31.12.2013 09:51:02 -> UnLockStationSock: UnLock Workstation number 0
31.12.2013 09:51:02 -> Writing avans.ini
31.12.2013 09:51:05 -> Begin Lock Workstation number 0
31.12.2013 09:51:07 -> Begin Reseive Workstation number 0
31.12.2013 09:51:12 -> End Lock Workstation number 0
31.12.2013 09:51:12 -> ZaprosSock: Client: Cannot resolve address [x]: Error 11001
31.12.2013 09:51:12 -> Stop session in station #1
31.12.2013 09:51:12 -> Calculate station number 1
31.12.2013 09:51:14 -> 		Статистика: залог - 2.00, секунд - 00:00:00, сумма - 0.00, остаток - 2.00
31.12.2013 09:51:14 -> Печать чека 9$0$200$Станція N  1

31.12.2013 09:51:14 -> Создан файл чека для РФ. Выход из окна окончательного расчета
31.12.2013 09:51:17 -> Begin Lock Workstation number 0
31.12.2013 09:51:17 -> LockStationSock: Client: Cannot resolve address [x]: Error 11004
31.12.2013 09:51:21 -> OnTimer GlobalWTime=360, thr=0, thr360=0, thr77=0: Reinstall All station.
31.12.2013 09:51:23 -> Begin Lock Workstation number 0
31.12.2013 09:51:25 -> Begin Reseive Workstation number 0
31.12.2013 09:51:32 -> End Lock Workstation number 0
31.12.2013 09:51:38 -> Begin Lock Workstation number 0
31.12.2013 09:51:38 -> LockStationSock: Client: Cannot resolve address [x]: Error 11001
31.12.2013 09:51:43 -> Begin Lock Workstation number 0
31.12.2013 09:51:46 -> Begin Reseive Workstation number 0
31.12.2013 09:51:51 -> End Lock Workstation number 0
31.12.2013 09:51:57 -> Begin Lock Workstation number 0
31.12.2013 09:51:58 -> LockStationSock: Client: Cannot resolve address [x]: Error 11001
31.12.2013 09:52:02 -> Begin Lock Workstation number 0
31.12.2013 09:52:05 -> Begin Reseive Workstation number 0
31.12.2013 09:52:13 -> End Lock Workstation number 0
31.12.2013 09:52:25 -> Show station number 1
31.12.2013 09:52:26 -> Печать чека 9$1$500$Станція N 1
31.12.2013 09:52:27 -> Start session in station #1. Тарифный пакет #0
          Statistics: Залог - 5.00, Осталось времени - 388, Тариф - 0.01, Использовано сек. - -10
31.12.2013 09:52:28 -> UnLockStationSock: UnLock Workstation number 0
31.12.2013 09:52:28 -> Writing avans.ini
31.12.2013 09:52:45 -> ZaprosSock: Client: Cannot resolve address [x]: Error 11001
31.12.2013 09:53:03 -> Begin Lock Workstation number 0
31.12.2013 09:53:05 -> Begin Reseive Workstation number 0
31.12.2013 09:53:10 -> End Lock Workstation number 0
31.12.2013 09:53:10 -> Stop session in station #1
31.12.2013 09:53:10 -> Calculate station number 1
31.12.2013 09:53:12 -> 		Статистика: залог - 5.00, секунд - 00:00:21, сумма - 0.28, остаток - 4.72
31.12.2013 09:53:12 -> Печать чека 9$0$500$Станція N  1
P$100$1$0$1$0$1$IНТЕРНЕТ/КОР КОМП$28$999000
@$Станція №  1 
!$100$1000
2$500$0

31.12.2013 09:53:12 -> Создан файл чека для РФ. Выход из окна окончательного расчета
31.12.2013 09:53:17 -> Show station number 1
31.12.2013 09:53:23 -> Begin Lock Workstation number 0
31.12.2013 09:53:23 -> LockStationSock: Client: Cannot resolve address [x]: Error 11001
31.12.2013 09:53:32 -> Begin Lock Workstation number 0
31.12.2013 09:53:34 -> Begin Reseive Workstation number 0
31.12.2013 09:53:40 -> End Lock Workstation number 0
31.12.2013 09:53:47 -> Begin Lock Workstation number 0
31.12.2013 09:53:47 -> LockStationSock: Client: Cannot resolve address [x]: Error 11001
31.12.2013 09:53:53 -> Begin Lock Workstation number 0
31.12.2013 09:54:00 -> LockStationSock: send() failed: error 10053
31.12.2013 09:54:04 -> Begin Lock Workstation number 0
31.12.2013 09:54:04 -> LockStationSock: Client: Cannot resolve address [x]: Error 11001
31.12.2013 09:54:09 -> Begin Lock Workstation number 0
31.12.2013 09:54:12 -> Begin Reseive Workstation number 0
31.12.2013 09:54:20 -> End Lock Workstation number 0
31.12.2013 09:54:23 -> Show station number 1
31.12.2013 09:54:26 -> Печать чека 9$1$200$Станція N 1
31.12.2013 09:54:26 -> Start session in station #1. Тарифный пакет #0
          Statistics: Залог - 2.00, Осталось времени - 161, Тариф - 0.01, Использовано сек. - -10
31.12.2013 09:54:27 -> UnLockStationSock: Client: Cannot resolve address [x]: Error 11001
31.12.2013 09:54:28 -> Calculate station number 1
31.12.2013 09:54:29 -> 		Статистика: залог - 2.00, секунд - 00:00:00, сумма - 0.00, остаток - 2.00
31.12.2013 09:54:29 -> Печать чека 9$0$200$Станція N  1

31.12.2013 09:54:29 -> Создан файл чека для РФ. Выход из окна окончательного расчета
31.12.2013 09:54:29 -> Writing avans.ini
31.12.2013 09:54:34 -> Begin Lock Workstation number 0
31.12.2013 09:54:37 -> Begin Reseive Workstation number 0
31.12.2013 09:54:38 -> End Lock Workstation number 0
31.12.2013 09:54:53 -> Begin Lock Workstation number 0
31.12.2013 09:54:53 -> LockStationSock: Client: Cannot resolve address [x]: Error 11001
31.12.2013 09:54:57 -> Begin Lock Workstation number 0
31.12.2013 09:54:57 -> LockStationSock: Client: Cannot resolve address [x]: Error 11004
31.12.2013 09:55:04 -> Begin Lock Workstation number 0
31.12.2013 09:55:06 -> Begin Reseive Workstation number 0
31.12.2013 09:55:11 -> End Lock Workstation number 0
31.12.2013 09:55:30 -> Begin Lock Workstation number 0
31.12.2013 09:55:33 -> Begin Reseive Workstation number 0
31.12.2013 09:55:54 -> End Lock Workstation number 0
31.12.2013 09:56:07 -> Begin Lock Workstation number 0
31.12.2013 09:56:07 -> LockStationSock: Client: Cannot resolve address [x]: Error 11001
31.12.2013 09:56:13 -> Begin Lock Workstation number 0
31.12.2013 09:56:17 -> Begin Reseive Workstation number 0
31.12.2013 09:56:18 -> End Lock Workstation number 0
31.12.2013 09:56:24 -> Show station number 1
31.12.2013 09:56:32 -> Печать чека 9$1$2000$Станція N 1
31.12.2013 09:56:32 -> Start session in station #1. Тарифный пакет #0
          Statistics: Залог - 20.00, Осталось времени - 1525, Тариф - 0.01, Использовано сек. - -10
31.12.2013 09:56:32 -> UnLockStationSock: UnLock Workstation number 0
31.12.2013 09:56:32 -> Writing avans.ini
31.12.2013 09:56:57 -> Begin Lock Workstation number 0
31.12.2013 09:57:02 -> Begin Reseive Workstation number 0
31.12.2013 09:57:08 -> End Lock Workstation number 0
31.12.2013 09:57:08 -> Stop session in station #1
31.12.2013 09:57:08 -> Calculate station number 1
31.12.2013 09:57:10 -> 		Статистика: залог - 20.00, секунд - 00:00:06, сумма - 0.08, остаток - 19.92
31.12.2013 09:57:10 -> Печать чека 9$0$2000$Станція N  1
P$100$1$0$1$0$1$IНТЕРНЕТ/КОР КОМП$8$999000
@$Станція №  1 
!$100$1000
2$2000$0

31.12.2013 09:57:10 -> Создан файл чека для РФ. Выход из окна окончательного расчета
31.12.2013 09:57:45 -> Begin Lock Workstation number 0
31.12.2013 09:57:51 -> Begin Reseive Workstation number 0
31.12.2013 09:57:52 -> End Lock Workstation number 0
31.12.2013 09:58:24 -> Begin Lock Workstation number 0
31.12.2013 09:58:27 -> Begin Reseive Workstation number 0
31.12.2013 09:58:27 -> End Lock Workstation number 0
31.12.2013 09:59:10 -> OnTimer GlobalWTime=360, thr=0, thr360=0, thr77=0: Reinstall All station.
31.12.2013 09:59:10 -> Begin Lock Workstation number 0
31.12.2013 10:00:07 -> Begin Reseive Workstation number 0
31.12.2013 10:00:08 -> End Lock Workstation number 0
31.12.2013 10:07:15 -> Inet Tarificator (Server) started on KV-CK-CITK-W002.
31.12.2013 10:07:20 -> Неправильно указан путь для текущего каталога
31.12.2013 10:07:20 -> Profiles loaded.
31.12.2013 10:07:20 -> Operator - DEFAULT
31.12.2013 10:07:21 -> OnTimer GlobalWTime=361, thr=0, thr360=0, thr77=0: Reinstall All station.
31.12.2013 10:07:21 -> Begin Lock Workstation number 0
31.12.2013 10:07:30 -> Begin Reseive Workstation number 0
31.12.2013 10:07:31 -> End Lock Workstation number 0
31.12.2013 10:07:51 -> Begin Lock Workstation number 0
31.12.2013 10:08:03 -> Begin Reseive Workstation number 0
31.12.2013 10:08:05 -> End Lock Workstation number 0
31.12.2013 10:08:21 -> Show station number 1
31.12.2013 10:08:56 -> Show station number 1
31.12.2013 10:08:58 -> Печать чека 9$1$3000$Станція N 1
31.12.2013 10:08:59 -> Start session in station #1. Тарифный пакет #0
          Statistics: Залог - 30.00, Осталось времени - 2282, Тариф - 0.01, Использовано сек. - -10
31.12.2013 10:09:02 -> UnLockStationSock: UnLock Workstation number 0
31.12.2013 10:09:02 -> Writing avans.ini
31.12.2013 10:09:18 -> Begin Lock Workstation number 0
31.12.2013 10:09:21 -> Begin Reseive Workstation number 0
31.12.2013 10:09:23 -> End Lock Workstation number 0
31.12.2013 10:09:23 -> Stop session in station #1
31.12.2013 10:09:23 -> Calculate station number 1
31.12.2013 10:09:25 -> 		Статистика: залог - 30.00, секунд - 00:00:07, сумма - 0.09, остаток - 29.91
31.12.2013 10:09:25 -> Печать чека 9$0$3000$Станція N  1
P$100$1$0$1$0$1$IНТЕРНЕТ/КОР КОМП$9$999000
@$Станція №  1 
!$100$1000
2$3000$0

31.12.2013 10:09:25 -> Создан файл чека для РФ. Выход из окна окончательного расчета
31.12.2013 10:11:28 -> Begin Lock Workstation number 0
31.12.2013 10:11:29 -> Begin Reseive Workstation number 0
31.12.2013 10:11:30 -> End Lock Workstation number 0
31.12.2013 10:12:56 -> Inet Tarificator (Server) started on KV-CK-CITK-W002.
31.12.2013 10:12:59 -> Неправильно указан путь для текущего каталога
31.12.2013 10:12:59 -> Profiles loaded.
31.12.2013 10:12:59 -> Operator - DEFAULT
31.12.2013 10:13:01 -> OnTimer GlobalWTime=361, thr=0, thr360=0, thr77=0: Reinstall All station.
31.12.2013 10:13:01 -> Begin Lock Workstation number 0
31.12.2013 10:13:03 -> Begin Reseive Workstation number 0
31.12.2013 10:13:04 -> End Lock Workstation number 0
31.12.2013 10:13:26 -> Show station number 1
31.12.2013 10:13:27 -> Печать чека 9$1$100$Станція N 1
31.12.2013 10:13:28 -> Start session in station #1. Тарифный пакет #0
          Statistics: Залог - 1.00, Осталось времени - 85, Тариф - 0.01, Использовано сек. - -10
31.12.2013 10:13:30 -> UnLockStationSock: UnLock Workstation number 0
31.12.2013 10:13:30 -> Writing avans.ini
31.12.2013 10:13:36 -> UnLockStationSock: UnLock Workstation number 0
31.12.2013 10:13:47 -> Begin Lock Workstation number 0
31.12.2013 10:13:50 -> Begin Reseive Workstation number 0
31.12.2013 10:13:53 -> End Lock Workstation number 0
31.12.2013 10:13:53 -> Stop session in station #1
31.12.2013 10:13:53 -> Calculate station number 1
31.12.2013 10:13:55 -> 		Статистика: залог - 1.00, секунд - 00:00:00, сумма - 0.00, остаток - 1.00
31.12.2013 10:13:55 -> Печать чека 9$0$100$Станція N  1

31.12.2013 10:13:55 -> Создан файл чека для РФ. Выход из окна окончательного расчета
31.12.2013 10:13:57 -> Show station number 1
31.12.2013 10:13:58 -> Печать чека 9$1$100$Станція N 1
31.12.2013 10:13:59 -> Start session in station #1. Тарифный пакет #0
          Statistics: Залог - 1.00, Осталось времени - 85, Тариф - 0.01, Использовано сек. - -10
31.12.2013 10:13:59 -> UnLockStationSock: UnLock Workstation number 0
31.12.2013 10:13:59 -> Writing avans.ini
31.12.2013 10:14:02 -> Begin Lock Workstation number 0
31.12.2013 10:14:02 -> Begin Reseive Workstation number 0
31.12.2013 10:14:02 -> End Lock Workstation number 0
31.12.2013 10:14:02 -> Stop session in station #1
31.12.2013 10:14:02 -> Calculate station number 1
31.12.2013 10:14:03 -> 		Статистика: залог - 1.00, секунд - 00:00:00, сумма - 0.00, остаток - 1.00
31.12.2013 10:14:03 -> Печать чека 9$0$100$Станція N  1

31.12.2013 10:14:03 -> Создан файл чека для РФ. Выход из окна окончательного расчета
31.12.2013 10:14:05 -> Show station number 1
31.12.2013 10:14:06 -> Печать чека 9$1$1200$Станція N 1
31.12.2013 10:14:07 -> Start session in station #1. Тарифный пакет #0
          Statistics: Залог - 12.00, Осталось времени - 919, Тариф - 0.01, Использовано сек. - -10
31.12.2013 10:14:07 -> UnLockStationSock: UnLock Workstation number 0
31.12.2013 10:14:07 -> Writing avans.ini
31.12.2013 10:14:09 -> Begin Lock Workstation number 0
31.12.2013 10:14:09 -> Begin Reseive Workstation number 0
31.12.2013 10:14:09 -> End Lock Workstation number 0
31.12.2013 10:14:09 -> Stop session in station #1
31.12.2013 10:14:09 -> Calculate station number 1
31.12.2013 10:14:10 -> 		Статистика: залог - 12.00, секунд - 00:00:00, сумма - 0.00, остаток - 12.00
31.12.2013 10:14:10 -> Печать чека 9$0$1200$Станція N  1

31.12.2013 10:14:10 -> Создан файл чека для РФ. Выход из окна окончательного расчета
31.12.2013 10:14:15 -> Show station number 1
31.12.2013 10:14:38 -> Show station number 1
31.12.2013 10:14:39 -> Печать чека 9$1$100$Станція N 1
31.12.2013 10:14:40 -> Start session in station #1. Тарифный пакет #0
          Statistics: Залог - 1.00, Осталось времени - 85, Тариф - 0.01, Использовано сек. - -10
31.12.2013 10:14:40 -> UnLockStationSock: UnLock Workstation number 0
31.12.2013 10:14:40 -> Writing avans.ini
31.12.2013 10:14:43 -> Begin Lock Workstation number 0
31.12.2013 10:14:43 -> Begin Reseive Workstation number 0
31.12.2013 10:14:51 -> End Lock Workstation number 0
31.12.2013 10:14:51 -> Stop session in station #1
31.12.2013 10:14:51 -> Calculate station number 1
31.12.2013 10:14:53 -> 		Статистика: залог - 1.00, секунд - 00:00:00, сумма - 0.00, остаток - 1.00
31.12.2013 10:14:53 -> Печать чека 9$0$100$Станція N  1

31.12.2013 10:14:53 -> Создан файл чека для РФ. Выход из окна окончательного расчета
31.12.2013 10:15:00 -> Show station number 1
31.12.2013 10:15:05 -> Show station number 1
31.12.2013 10:15:07 -> Печать чека 9$1$200$Станція N 1
31.12.2013 10:15:07 -> Start session in station #1. Тарифный пакет #0
          Statistics: Залог - 2.00, Осталось времени - 161, Тариф - 0.01, Использовано сек. - -10
31.12.2013 10:15:07 -> UnLockStationSock: UnLock Workstation number 0
31.12.2013 10:15:07 -> Writing avans.ini
31.12.2013 10:15:10 -> Begin Lock Workstation number 0
31.12.2013 10:15:11 -> Begin Reseive Workstation number 0
31.12.2013 10:15:27 -> End Lock Workstation number 0
31.12.2013 10:15:27 -> Stop session in station #1
31.12.2013 10:15:27 -> Calculate station number 1
31.12.2013 10:15:30 -> 		Статистика: залог - 2.00, секунд - 00:00:00, сумма - 0.00, остаток - 2.00
31.12.2013 10:15:30 -> Печать чека 9$0$200$Станція N  1

31.12.2013 10:15:30 -> Создан файл чека для РФ. Выход из окна окончательного расчета
31.12.2013 10:15:38 -> Show station number 1
31.12.2013 10:15:40 -> Печать чека 9$1$5000$Станція N 1
31.12.2013 10:15:40 -> Start session in station #1. Тарифный пакет #0
          Statistics: Залог - 50.00, Осталось времени - 3797, Тариф - 0.01, Использовано сек. - -10
31.12.2013 10:15:40 -> UnLockStationSock: Client: Cannot resolve address [x]: Error 11001
31.12.2013 10:15:42 -> Calculate station number 1
31.12.2013 10:15:44 -> 		Статистика: залог - 50.00, секунд - 00:00:00, сумма - 0.00, остаток - 50.00
31.12.2013 10:15:44 -> Печать чека 9$0$5000$Станція N  1

31.12.2013 10:15:44 -> Создан файл чека для РФ. Выход из окна окончательного расчета
31.12.2013 10:15:44 -> Writing avans.ini
31.12.2013 10:15:50 -> Begin Lock Workstation number 0
31.12.2013 10:15:50 -> Begin Reseive Workstation number 0
31.12.2013 10:16:07 -> End Lock Workstation number 0
31.12.2013 10:16:14 -> Show station number 1
31.12.2013 10:16:15 -> Печать чека 9$1$5000$Станція N 1
31.12.2013 10:16:15 -> Start session in station #1. Тарифный пакет #0
          Statistics: Залог - 50.00, Осталось времени - 3797, Тариф - 0.01, Использовано сек. - -10
31.12.2013 10:16:16 -> UnLockStationSock: UnLock Workstation number 0
31.12.2013 10:16:16 -> Writing avans.ini
31.12.2013 10:16:29 -> Begin Lock Workstation number 0
31.12.2013 10:16:29 -> LockStationSock: Client: Cannot resolve address [x]: Error 11001
31.12.2013 10:16:29 -> Stop session in station #1
31.12.2013 10:16:29 -> Calculate station number 1
31.12.2013 10:16:30 -> 		Статистика: залог - 50.00, секунд - 00:00:04, сумма - 0.05, остаток - 49.95
31.12.2013 10:16:30 -> Печать чека 9$0$5000$Станція N  1
P$100$1$0$1$0$1$IНТЕРНЕТ/КОР КОМП$5$999000
@$Станція №  1 
!$100$1000
2$5000$0

31.12.2013 10:16:30 -> Создан файл чека для РФ. Выход из окна окончательного расчета
31.12.2013 10:17:12 -> Begin Lock Workstation number 0
31.12.2013 10:17:12 -> Begin Reseive Workstation number 0
31.12.2013 10:17:25 -> End Lock Workstation number 0
31.12.2013 10:17:38 -> Show station number 1
31.12.2013 10:17:45 -> Печать чека 9$1$100$Станція N 1
31.12.2013 10:17:45 -> Start session in station #1. Тарифный пакет #0
          Statistics: Залог - 1.00, Осталось времени - 85, Тариф - 0.01, Использовано сек. - -10
31.12.2013 10:17:45 -> UnLockStationSock: Client: Cannot resolve address [x]: Error 11001
31.12.2013 10:17:47 -> Calculate station number 1
31.12.2013 10:17:47 -> 		Статистика: залог - 1.00, секунд - 00:00:00, сумма - 0.00, остаток - 1.00
31.12.2013 10:17:47 -> Печать чека 9$0$100$Станція N  1

31.12.2013 10:17:47 -> Создан файл чека для РФ. Выход из окна окончательного расчета
31.12.2013 10:17:48 -> Writing avans.ini
31.12.2013 10:17:50 -> Begin Lock Workstation number 0
31.12.2013 10:17:50 -> LockStationSock: Client: Cannot resolve address [x]: Error 11004
31.12.2013 10:17:55 -> Begin Lock Workstation number 0
31.12.2013 10:17:57 -> Begin Reseive Workstation number 0
31.12.2013 10:18:04 -> End Lock Workstation number 0
31.12.2013 10:18:10 -> Show station number 1
31.12.2013 10:18:13 -> Печать чека 9$1$1300$Станція N 1
31.12.2013 10:18:13 -> Start session in station #1. Тарифный пакет #0
          Statistics: Залог - 13.00, Осталось времени - 994, Тариф - 0.01, Использовано сек. - -10
31.12.2013 10:18:13 -> UnLockStationSock: UnLock Workstation number 0
31.12.2013 10:18:13 -> Writing avans.ini
31.12.2013 10:18:25 -> Begin Lock Workstation number 0
31.12.2013 10:18:25 -> LockStationSock: Client: Cannot resolve address [x]: Error 11001
31.12.2013 10:18:25 -> Stop session in station #1
31.12.2013 10:18:25 -> Calculate station number 1
31.12.2013 10:18:33 -> 		Статистика: залог - 13.00, секунд - 00:00:02, сумма - 0.03, остаток - 12.97
31.12.2013 10:18:33 -> Печать чека 9$0$1300$Станція N  1
P$100$1$0$1$0$1$IНТЕРНЕТ/КОР КОМП$3$999000
@$Станція №  1 
!$100$1000
2$1300$0

31.12.2013 10:18:33 -> Создан файл чека для РФ. Выход из окна окончательного расчета
31.12.2013 10:20:08 -> OnTimer GlobalWTime=360, thr=0, thr360=0, thr77=0: Reinstall All station.
31.12.2013 10:20:08 -> Begin Lock Workstation number 0
31.12.2013 10:20:08 -> LockStationSock: Client: Cannot resolve address [x]: Error 11004
31.12.2013 10:30:04 -> Inet Tarificator (Server) started on KV-CK-CITK-W002.
31.12.2013 10:30:06 -> Неправильно указан путь для текущего каталога
31.12.2013 10:30:06 -> Profiles loaded.
31.12.2013 10:30:06 -> Operator - DEFAULT
31.12.2013 10:30:07 -> OnTimer GlobalWTime=361, thr=0, thr360=0, thr77=0: Reinstall All station.
31.12.2013 10:30:07 -> Begin Lock Workstation number 0
31.12.2013 10:30:08 -> LockStationSock: Client: Cannot resolve address [x]: Error 11004
31.12.2013 10:30:22 -> Begin Lock Workstation number 0
31.12.2013 10:30:22 -> Begin Reseive Workstation number 0
31.12.2013 10:30:27 -> End Lock Workstation number 0
31.12.2013 10:30:51 -> Show station number 1
31.12.2013 10:30:52 -> Печать чека 9$1$200$Станція N 1
31.12.2013 10:30:53 -> Start session in station #1. Тарифный пакет #0
          Statistics: Залог - 2.00, Осталось времени - 161, Тариф - 0.01, Использовано сек. - -10
31.12.2013 10:30:53 -> UnLockStationSock: UnLock Workstation number 0
31.12.2013 10:30:53 -> Writing avans.ini
31.12.2013 10:31:26 -> Begin Lock Workstation number 0
31.12.2013 10:31:26 -> Begin Reseive Workstation number 0
31.12.2013 10:31:26 -> End Lock Workstation number 0
31.12.2013 10:31:49 -> Begin Lock Workstation number 0
31.12.2013 10:31:49 -> Begin Reseive Workstation number 0
31.12.2013 10:31:49 -> End Lock Workstation number 0
31.12.2013 10:31:49 -> Stop session in station #1
31.12.2013 10:31:49 -> Calculate station number 1
31.12.2013 10:31:50 -> 		Статистика: залог - 2.00, секунд - 00:00:19, сумма - 0.25, остаток - 1.75
31.12.2013 10:31:50 -> Печать чека 9$0$200$Станція N  1
P$100$1$0$1$0$1$IНТЕРНЕТ/КОР КОМП$25$999000
@$Станція №  1 
!$100$1000
2$200$0

31.12.2013 10:31:50 -> Создан файл чека для РФ. Выход из окна окончательного расчета
31.12.2013 10:31:54 -> Save Profiles1.
31.12.2013 10:31:54 -> Inet Tarificator is stopped.

31.12.2013 10:45:17 -> Inet Tarificator (Server) started on KV-CK-CITK-W002.
31.12.2013 10:45:56 -> Неправильно указан путь для текущего каталога
31.12.2013 10:45:56 -> Profiles loaded.
31.12.2013 10:45:56 -> Operator - DEFAULT
31.12.2013 10:45:57 -> OnTimer GlobalWTime=361, thr=0, thr360=0, thr77=0: Reinstall All station.
31.12.2013 10:45:57 -> Lock Workstation number 0
31.12.2013 10:46:02 -> Show station number 1
31.12.2013 10:46:04 -> Печать чека 9$1$1200$Станція N 1
31.12.2013 10:46:04 -> Start session in station #1. Тарифный пакет #0
          Statistics: Залог - 12.00, Осталось времени - 919, Тариф - 0.01, Использовано сек. - -10
31.12.2013 10:46:04 -> UnLockStationSock: UnLock Workstation number 0
31.12.2013 10:46:04 -> Writing avans.ini
31.12.2013 10:46:58 -> Lock Workstation number 0
31.12.2013 10:46:58 -> Stop session in station #1
31.12.2013 10:46:58 -> Calculate station number 1
31.12.2013 10:46:59 -> 		Статистика: залог - 12.00, секунд - 00:00:44, сумма - 0.58, остаток - 11.42
31.12.2013 10:46:59 -> Печать чека 9$0$1200$Станція N  1
P$100$1$0$1$0$1$IНТЕРНЕТ/КОР КОМП$58$999000
@$Станція №  1 
!$100$1000
2$1200$0

31.12.2013 10:46:59 -> Создан файл чека для РФ. Выход из окна окончательного расчета
31.12.2013 10:47:08 -> Lock Workstation number 0
31.12.2013 10:47:21 -> Lock Workstation number 0
31.12.2013 10:48:04 -> Lock Workstation number 0
31.12.2013 10:48:17 -> Lock Workstation number 0
31.12.2013 10:48:22 -> Show station number 1
31.12.2013 10:48:25 -> Печать чека 9$1$1200$Станція N 1
31.12.2013 10:48:26 -> Start session in station #1. Тарифный пакет #0
          Statistics: Залог - 12.00, Осталось времени - 919, Тариф - 0.01, Использовано сек. - -10
31.12.2013 10:48:26 -> UnLockStationSock: Client: Cannot resolve address [x]: Error 11001
31.12.2013 10:48:27 -> Calculate station number 1
31.12.2013 10:48:28 -> 		Статистика: залог - 12.00, секунд - 00:00:00, сумма - 0.00, остаток - 12.00
31.12.2013 10:48:28 -> Печать чека 9$0$1200$Станція N  1

31.12.2013 10:48:28 -> Создан файл чека для РФ. Выход из окна окончательного расчета
31.12.2013 10:48:28 -> Writing avans.ini
31.12.2013 10:48:30 -> LockStationSock: Client: Cannot resolve address [x]: Error 11004
31.12.2013 10:48:43 -> Lock Workstation number 0
31.12.2013 10:48:51 -> LockStationSock: Client: Cannot resolve address [x]: Error 11001
31.12.2013 10:48:55 -> LockStationSock: Client: Cannot resolve address [x]: Error 11004
31.12.2013 10:49:17 -> Lock Workstation number 0
31.12.2013 10:49:24 -> Show station number 1
31.12.2013 10:49:26 -> Печать чека 9$1$2000$Станція N 1
31.12.2013 10:49:26 -> Start session in station #1. Тарифный пакет #0
          Statistics: Залог - 20.00, Осталось времени - 1525, Тариф - 0.01, Использовано сек. - -10
31.12.2013 10:49:33 -> UnLockStationSock: UnLock Workstation number 0
31.12.2013 10:49:33 -> Writing avans.ini
31.12.2013 10:49:41 -> ZaprosSock: Client: Cannot resolve address [x]: Error 11001
31.12.2013 10:50:03 -> Lock Workstation number 0
31.12.2013 10:50:03 -> Stop session in station #1
31.12.2013 10:50:03 -> Calculate station number 1
31.12.2013 10:50:06 -> 		Статистика: залог - 20.00, секунд - 00:00:15, сумма - 0.20, остаток - 19.80
31.12.2013 10:50:06 -> Печать чека 9$0$2000$Станція N  1
P$100$1$0$1$0$1$IНТЕРНЕТ/КОР КОМП$20$999000
@$Станція №  1 
!$100$1000
2$2000$0

31.12.2013 10:50:06 -> Создан файл чека для РФ. Выход из окна окончательного расчета
31.12.2013 10:50:21 -> Lock Workstation number 0
31.12.2013 10:50:33 -> Lock Workstation number 0
31.12.2013 10:50:49 -> Show station number 1
31.12.2013 10:50:51 -> Печать чека 9$1$2000$Станція N 1
31.12.2013 10:50:51 -> Start session in station #1. Тарифный пакет #0
          Statistics: Залог - 20.00, Осталось времени - 1525, Тариф - 0.01, Использовано сек. - -10
31.12.2013 10:50:57 -> UnLockStationSock: UnLock Workstation number 0
31.12.2013 10:50:57 -> Writing avans.ini
31.12.2013 10:51:03 -> LockStationSock: Client: Cannot resolve address [x]: Error 11004
31.12.2013 10:51:03 -> Stop session in station #1
31.12.2013 10:51:03 -> Calculate station number 1
31.12.2013 10:51:03 -> ZaprosSock: Client: Cannot resolve address [x]: Error 11001
31.12.2013 10:51:07 -> 		Статистика: залог - 20.00, секунд - 00:00:00, сумма - 0.00, остаток - 20.00
31.12.2013 10:51:07 -> Печать чека 9$0$2000$Станція N  1

31.12.2013 10:51:07 -> Создан файл чека для РФ. Выход из окна окончательного расчета
31.12.2013 10:51:17 -> Lock Workstation number 0
31.12.2013 10:51:39 -> Lock Workstation number 0
31.12.2013 10:51:45 -> LockStationSock: Client: Cannot resolve address [x]: Error 11001
31.12.2013 10:51:50 -> LockStationSock: Client: Cannot resolve address [x]: Error 11004
31.12.2013 10:52:03 -> Lock Workstation number 0
31.12.2013 10:52:10 -> Show station number 1
31.12.2013 10:52:11 -> Печать чека 9$1$100$Станція N 1
31.12.2013 10:52:12 -> Start session in station #1. Тарифный пакет #0
          Statistics: Залог - 1.00, Осталось времени - 85, Тариф - 0.01, Использовано сек. - -10
31.12.2013 10:52:18 -> UnLockStationSock: UnLock Workstation number 0
31.12.2013 10:52:18 -> Writing avans.ini
31.12.2013 10:52:35 -> ZaprosSock: Client: Cannot resolve address [x]: Error 11001
31.12.2013 10:52:58 -> Lock Workstation number 0
31.12.2013 10:52:58 -> Stop session in station #1
31.12.2013 10:52:58 -> Calculate station number 1
31.12.2013 10:53:01 -> 		Статистика: залог - 1.00, секунд - 00:00:25, сумма - 0.33, остаток - 0.67
31.12.2013 10:53:01 -> Печать чека 9$0$100$Станція N  1
P$100$1$0$1$0$1$IНТЕРНЕТ/КОР КОМП$33$999000
@$Станція №  1 
!$100$1000
2$100$0

31.12.2013 10:53:01 -> Создан файл чека для РФ. Выход из окна окончательного расчета
31.12.2013 10:53:17 -> Lock Workstation number 0
31.12.2013 10:53:19 -> OnTimer GlobalWTime=360, thr=0, thr360=0, thr77=0: Reinstall All station.
31.12.2013 10:53:20 -> Lock Workstation number 0
31.12.2013 10:53:23 -> Save Profiles1.
31.12.2013 10:53:23 -> Inet Tarificator is stopped.

13.05.2014 12:31:21 -> Inet Tarificator (Server) started on.
13.05.2014 12:31:25 -> Operator - DEFAULT
13.05.2014 12:31:29 -> UnLockStationSock: UnLock Workstation number 0
13.05.2014 12:32:26 -> Inet Tarificator (Server) started on.
13.05.2014 12:32:27 -> Operator - DEFAULT
13.05.2014 12:32:32 -> UnLockStationSock: UnLock Workstation number 0
13.05.2014 12:32:49 -> UnLockStationSock: UnLock Workstation number 0
13.05.2014 12:33:00 -> UnLockStationSock: UnLock Workstation number 0
13.05.2014 12:33:18 -> UnLockStationSock: UnLock Workstation number 0
13.05.2014 13:29:31 -> Inet Tarificator (Server) started on.
13.05.2014 13:29:34 -> Operator - DEFAULT
13.05.2014 13:29:40 -> UnLockStationSock: UnLock Workstation number 0
13.05.2014 13:31:03 -> UnLockStationSock: UnLock Workstation number 0
13.05.2014 13:31:17 -> UnLockStationSock: UnLock Workstation number 0
13.05.2014 13:31:37 -> UnLockStationSock: UnLock Workstation number 0
13.05.2014 13:31:53 -> UnLockStationSock: UnLock Workstation number 0
13.05.2014 13:32:06 -> UnLockStationSock: UnLock Workstation number 0
13.05.2014 13:32:35 -> UnLockStationSock: UnLock Workstation number 0
13.05.2014 13:33:44 -> UnLockStationSock: UnLock Workstation number 0
13.05.2014 13:33:47 -> UnLockStationSock: UnLock Workstation number 0
13.05.2014 13:33:51 -> UnLockStationSock: UnLock Workstation number 0
13.05.2014 13:33:56 -> UnLockStationSock: UnLock Workstation number 0
13.05.2014 13:34:12 -> UnLockStationSock: UnLock Workstation number 0
13.05.2014 13:34:33 -> UnLockStationSock: UnLock Workstation number 0
13.05.2014 13:35:30 -> Inet Tarificator (Server) started on.
13.05.2014 13:35:32 -> Operator - DEFAULT
13.05.2014 13:36:13 -> UnLockStationSock: UnLock Workstation number 0
13.05.2014 13:40:22 -> UnLockStationSock: UnLock Workstation number 0
13.05.2014 13:40:23 -> UnLockStationSock: UnLock Workstation number 0
13.05.2014 13:40:35 -> UnLockStationSock: UnLock Workstation number 0
13.05.2014 13:46:08 -> UnLockStationSock: UnLock Workstation number 0
13.05.2014 13:46:17 -> UnLockStationSock: UnLock Workstation number 0
13.05.2014 13:51:25 -> Inet Tarificator (Server) started on.
13.05.2014 13:51:26 -> Operator - DEFAULT
13.05.2014 13:51:28 -> UnLockStationSock: UnLock Workstation number 0
13.05.2014 13:56:31 -> UnLockStationSock: UnLock Workstation number 0
13.05.2014 13:56:39 -> UnLockStationSock: UnLock Workstation number 0
13.05.2014 14:04:44 -> Inet Tarificator (Server) started on.
13.05.2014 14:04:45 -> Operator - DEFAULT
13.05.2014 14:04:47 -> UnLockStationSock: UnLock Workstation number 0
13.05.2014 14:05:42 -> Inet Tarificator (Server) started on.
13.05.2014 14:05:44 -> Operator - DEFAULT
13.05.2014 14:05:46 -> UnLockStationSock: UnLock Workstation number 0
13.05.2014 14:07:43 -> Inet Tarificator (Server) started on.
13.05.2014 14:07:45 -> Operator - DEFAULT
13.05.2014 14:07:46 -> UnLockStationSock: UnLock Workstation number 0
13.05.2014 14:08:02 -> UnLockStationSock: UnLock Workstation number 0
13.05.2014 14:08:03 -> UnLockStationSock: UnLock Workstation number 0
13.05.2014 14:11:12 -> UnLockStationSock: UnLock Workstation number 0
13.05.2014 14:11:14 -> UnLockStationSock: UnLock Workstation number 0
13.05.2014 14:11:20 -> UnLockStationSock: UnLock Workstation number 0
13.05.2014 14:11:22 -> UnLockStationSock: UnLock Workstation number 0
13.05.2014 14:13:58 -> Inet Tarificator (Server) started on.
13.05.2014 14:13:59 -> Operator - DEFAULT
13.05.2014 14:14:01 -> UnLockStationSock: UnLock Workstation number 0
13.05.2014 14:14:13 -> UnLockStationSock: UnLock Workstation number 0
13.05.2014 14:14:14 -> UnLockStationSock: UnLock Workstation number 0
13.05.2014 14:14:22 -> UnLockStationSock: UnLock Workstation number 0
13.05.2014 14:15:03 -> UnLockStationSock: UnLock Workstation number 0
13.05.2014 14:15:17 -> UnLockStationSock: UnLock Workstation number 0
13.05.2014 14:15:34 -> Inet Tarificator (Server) started on.
13.05.2014 14:15:35 -> Operator - DEFAULT
13.05.2014 14:15:43 -> UnLockStationSock: UnLock Workstation number 0
13.05.2014 14:15:50 -> UnLockStationSock: UnLock Workstation number 0
13.05.2014 14:16:27 -> UnLockStationSock: UnLock Workstation number 0
13.05.2014 14:16:43 -> UnLockStationSock: UnLock Workstation number 0
13.05.2014 14:16:52 -> UnLockStationSock: UnLock Workstation number 0
13.05.2014 14:17:06 -> UnLockStationSock: UnLock Workstation number 0
13.05.2014 14:17:13 -> UnLockStationSock: UnLock Workstation number 0
13.05.2014 14:19:48 -> UnLockStationSock: UnLock Workstation number 0
13.05.2014 14:19:54 -> UnLockStationSock: UnLock Workstation number 0
13.05.2014 14:20:00 -> UnLockStationSock: UnLock Workstation number 0
13.05.2014 14:20:07 -> UnLockStationSock: UnLock Workstation number 0
13.05.2014 14:20:12 -> UnLockStationSock: UnLock Workstation number 0
13.05.2014 14:21:19 -> UnLockStationSock: UnLock Workstation number 0
13.05.2014 14:22:31 -> UnLockStationSock: UnLock Workstation number 0
13.05.2014 14:22:46 -> UnLockStationSock: UnLock Workstation number 0
13.05.2014 14:22:51 -> UnLockStationSock: UnLock Workstation number 0
13.05.2014 14:23:07 -> UnLockStationSock: UnLock Workstation number 0
13.05.2014 14:41:18 -> Inet Tarificator (Server) started on.
13.05.2014 14:41:20 -> Operator - DEFAULT
13.05.2014 14:42:46 -> UnLockStationSock: UnLock Workstation number 0
13.05.2014 14:43:06 -> UnLockStationSock: UnLock Workstation number 0
13.05.2014 14:43:08 -> UnLockStationSock: UnLock Workstation number 0
13.05.2014 14:44:29 -> UnLockStationSock: UnLock Workstation number 0
13.05.2014 14:44:30 -> UnLockStationSock: UnLock Workstation number 0
13.05.2014 14:53:13 -> Inet Tarificator (Server) started on.
13.05.2014 14:53:18 -> Operator - DEFAULT
13.05.2014 14:53:26 -> UnLockStationSock: UnLock Workstation number 0
13.05.2014 14:53:42 -> UnLockStationSock: UnLock Workstation number 0
13.05.2014 14:53:44 -> UnLockStationSock: UnLock Workstation number 0
13.05.2014 14:53:48 -> UnLockStationSock: UnLock Workstation number 0
13.05.2014 14:53:58 -> UnLockStationSock: UnLock Workstation number 0
13.05.2014 14:54:19 -> UnLockStationSock: UnLock Workstation number 0
13.05.2014 14:54:31 -> UnLockStationSock: UnLock Workstation number 0
13.05.2014 14:54:49 -> UnLockStationSock: UnLock Workstation number 0
13.05.2014 16:11:47 -> UnLockStationSock: UnLock Workstation number 0
13.05.2014 16:12:37 -> UnLockStationSock: UnLock Workstation number 0
13.05.2014 16:13:31 -> UnLockStationSock: UnLock Workstation number 0
13.05.2014 16:13:33 -> UnLockStationSock: UnLock Workstation number 0
13.05.2014 16:13:43 -> UnLockStationSock: UnLock Workstation number 0
13.05.2014 16:13:49 -> UnLockStationSock: UnLock Workstation number 0
13.05.2014 16:14:22 -> UnLockStationSock: UnLock Workstation number 0
13.05.2014 16:21:09 -> Inet Tarificator (Server) started on.
13.05.2014 16:21:11 -> Operator - DEFAULT
13.05.2014 16:21:25 -> UnLockStationSock: UnLock Workstation number 0
13.05.2014 16:22:33 -> UnLockStationSock: UnLock Workstation number 0
13.05.2014 16:22:34 -> UnLockStationSock: UnLock Workstation number 0
13.05.2014 16:22:38 -> UnLockStationSock: UnLock Workstation number 0
13.05.2014 16:22:44 -> UnLockStationSock: UnLock Workstation number 0
13.05.2014 16:23:50 -> UnLockStationSock: UnLock Workstation number 0
13.05.2014 16:23:56 -> UnLockStationSock: UnLock Workstation number 0
13.05.2014 16:24:32 -> Inet Tarificator (Server) started on.
13.05.2014 16:24:34 -> Operator - DEFAULT
13.05.2014 16:24:51 -> UnLockStationSock: UnLock Workstation number 0
13.05.2014 16:24:57 -> UnLockStationSock: UnLock Workstation number 0
13.05.2014 16:25:07 -> UnLockStationSock: UnLock Workstation number 0
13.05.2014 16:25:13 -> UnLockStationSock: UnLock Workstation number 0
13.05.2014 16:25:20 -> UnLockStationSock: UnLock Workstation number 0
13.05.2014 16:25:24 -> UnLockStationSock: UnLock Workstation number 0
13.05.2014 16:25:32 -> UnLockStationSock: UnLock Workstation number 0
13.05.2014 16:25:37 -> UnLockStationSock: UnLock Workstation number 0
13.05.2014 16:26:02 -> Inet Tarificator (Server) started on.
13.05.2014 16:26:04 -> Operator - DEFAULT
13.05.2014 16:26:52 -> UnLockStationSock: UnLock Workstation number 0
13.05.2014 16:28:11 -> UnLockStationSock: UnLock Workstation number 0
13.05.2014 16:28:26 -> UnLockStationSock: UnLock Workstation number 0
13.05.2014 16:29:08 -> UnLockStationSock: UnLock Workstation number 0
13.05.2014 16:29:15 -> UnLockStationSock: UnLock Workstation number 0
13.05.2014 16:30:00 -> UnLockStationSock: UnLock Workstation number 0
13.05.2014 16:30:56 -> Inet Tarificator (Server) started on.
13.05.2014 16:30:57 -> Operator - DEFAULT
13.05.2014 16:31:04 -> UnLockStationSock: UnLock Workstation number 0
13.05.2014 16:34:48 -> UnLockStationSock: UnLock Workstation number 0
13.05.2014 16:35:25 -> Inet Tarificator (Server) started on.
13.05.2014 16:35:27 -> Operator - DEFAULT
13.05.2014 16:35:29 -> UnLockStationSock: UnLock Workstation number 0
13.05.2014 16:35:44 -> UnLockStationSock: UnLock Workstation number 0
13.05.2014 16:38:11 -> UnLockStationSock: UnLock Workstation number 0
13.05.2014 16:38:24 -> UnLockStationSock: UnLock Workstation number 0
13.05.2014 16:40:20 -> UnLockStationSock: UnLock Workstation number 0
13.05.2014 16:40:25 -> UnLockStationSock: UnLock Workstation number 0
13.05.2014 16:41:01 -> UnLockStationSock: UnLock Workstation number 0
13.05.2014 16:42:56 -> UnLockStationSock: UnLock Workstation number 0
13.05.2014 16:45:09 -> UnLockStationSock: UnLock Workstation number 0
13.05.2014 16:47:07 -> UnLockStationSock: UnLock Workstation number 0
13.05.2014 16:47:19 -> UnLockStationSock: UnLock Workstation number 0
13.05.2014 16:48:29 -> UnLockStationSock: UnLock Workstation number 0
13.05.2014 16:48:58 -> Inet Tarificator (Server) started on.
13.05.2014 16:49:00 -> Operator - DEFAULT
13.05.2014 16:49:02 -> UnLockStationSock: UnLock Workstation number 0
13.05.2014 16:49:23 -> UnLockStationSock: UnLock Workstation number 0
13.05.2014 16:49:41 -> UnLockStationSock: UnLock Workstation number 0
13.05.2014 16:49:49 -> UnLockStationSock: UnLock Workstation number 0
13.05.2014 16:50:53 -> Inet Tarificator (Server) started on.
13.05.2014 16:50:55 -> Operator - DEFAULT
13.05.2014 16:50:57 -> UnLockStationSock: UnLock Workstation number 0
13.05.2014 16:51:19 -> UnLockStationSock: UnLock Workstation number 0
13.05.2014 16:51:34 -> UnLockStationSock: UnLock Workstation number 0
13.05.2014 16:52:00 -> UnLockStationSock: UnLock Workstation number 0
13.05.2014 16:52:36 -> UnLockStationSock: UnLock Workstation number 0
13.05.2014 16:53:11 -> UnLockStationSock: UnLock Workstation number 0
13.05.2014 16:53:23 -> UnLockStationSock: UnLock Workstation number 0
13.05.2014 16:53:56 -> UnLockStationSock: UnLock Workstation number 0
13.05.2014 16:54:04 -> UnLockStationSock: UnLock Workstation number 0
13.05.2014 16:54:07 -> UnLockStationSock: UnLock Workstation number 0
13.05.2014 16:54:15 -> UnLockStationSock: UnLock Workstation number 0
13.05.2014 16:54:19 -> UnLockStationSock: UnLock Workstation number 0
13.05.2014 16:54:30 -> UnLockStationSock: UnLock Workstation number 0
13.05.2014 16:54:40 -> UnLockStationSock: UnLock Workstation number 0
13.05.2014 16:55:02 -> UnLockStationSock: UnLock Workstation number 0
13.05.2014 16:55:06 -> UnLockStationSock: UnLock Workstation number 0
13.05.2014 16:55:26 -> UnLockStationSock: UnLock Workstation number 0
13.05.2014 16:55:30 -> UnLockStationSock: UnLock Workstation number 0
13.05.2014 17:01:31 -> Inet Tarificator (Server) started on.
13.05.2014 17:01:33 -> Operator - DEFAULT
13.05.2014 17:01:46 -> UnLockStationSock: UnLock Workstation number 0
13.05.2014 17:01:50 -> UnLockStationSock: UnLock Workstation number 0
13.05.2014 17:02:20 -> UnLockStationSock: UnLock Workstation number 0
13.05.2014 17:02:28 -> UnLockStationSock: UnLock Workstation number 0
13.05.2014 17:02:32 -> UnLockStationSock: UnLock Workstation number 0
13.05.2014 17:02:41 -> UnLockStationSock: UnLock Workstation number 0
13.05.2014 17:02:45 -> UnLockStationSock: UnLock Workstation number 0
13.05.2014 17:02:50 -> UnLockStationSock: UnLock Workstation number 0
13.05.2014 17:03:40 -> UnLockStationSock: UnLock Workstation number 0
13.05.2014 17:03:46 -> UnLockStationSock: UnLock Workstation number 0
13.05.2014 17:03:55 -> UnLockStationSock: UnLock Workstation number 0
13.05.2014 17:04:06 -> UnLockStationSock: UnLock Workstation number 0
13.05.2014 17:04:18 -> UnLockStationSock: UnLock Workstation number 0
13.05.2014 17:04:22 -> UnLockStationSock: UnLock Workstation number 0
13.05.2014 17:04:30 -> UnLockStationSock: UnLock Workstation number 0
13.05.2014 17:04:35 -> UnLockStationSock: UnLock Workstation number 0
13.05.2014 17:04:48 -> UnLockStationSock: UnLock Workstation number 0
13.05.2014 17:05:09 -> UnLockStationSock: UnLock Workstation number 0
13.05.2014 17:05:20 -> UnLockStationSock: UnLock Workstation number 0
13.05.2014 17:05:29 -> UnLockStationSock: UnLock Workstation number 0
13.05.2014 17:06:13 -> UnLockStationSock: UnLock Workstation number 0
13.05.2014 17:06:14 -> UnLockStationSock: UnLock Workstation number 0
13.05.2014 17:06:16 -> UnLockStationSock: UnLock Workstation number 0
13.05.2014 17:06:17 -> UnLockStationSock: UnLock Workstation number 0
13.05.2014 17:06:20 -> UnLockStationSock: UnLock Workstation number 0
13.05.2014 17:06:21 -> UnLockStationSock: UnLock Workstation number 0
13.05.2014 17:06:34 -> UnLockStationSock: UnLock Workstation number 0
13.05.2014 17:06:35 -> UnLockStationSock: UnLock Workstation number 0
13.05.2014 17:07:15 -> UnLockStationSock: UnLock Workstation number 0
13.05.2014 17:07:27 -> UnLockStationSock: UnLock Workstation number 0
13.05.2014 17:25:58 -> UnLockStationSock: UnLock Workstation number 0
13.05.2014 17:29:21 -> Inet Tarificator (Server) started on.
13.05.2014 17:29:22 -> Operator - DEFAULT
13.05.2014 17:29:40 -> UnLockStationSock: UnLock Workstation number 0
13.05.2014 17:30:09 -> UnLockStationSock: UnLock Workstation number 0
13.05.2014 17:35:49 -> Inet Tarificator is stopped.

14.05.2014 08:24:42 -> Inet Tarificator (Server) started on.
14.05.2014 08:24:46 -> Operator - DEFAULT
14.05.2014 08:32:51 -> Inet Tarificator (Server) started on.
14.05.2014 08:32:53 -> Operator - DEFAULT
14.05.2014 08:33:04 -> UnLockStationSock: UnLock Workstation number 0
14.05.2014 08:33:56 -> UnLockStationSock: UnLock Workstation number 0
14.05.2014 08:35:12 -> UnLockStationSock: UnLock Workstation number 0
14.05.2014 08:35:15 -> UnLockStationSock: UnLock Workstation number 0
14.05.2014 08:35:20 -> UnLockStationSock: UnLock Workstation number 0
14.05.2014 08:35:31 -> UnLockStationSock: UnLock Workstation number 0
14.05.2014 08:36:52 -> UnLockStationSock: UnLock Workstation number 0
14.05.2014 08:59:17 -> UnLockStationSock: UnLock Workstation number 0
14.05.2014 09:00:30 -> UnLockStationSock: UnLock Workstation number 0
14.05.2014 09:00:34 -> UnLockStationSock: UnLock Workstation number 0
14.05.2014 09:02:11 -> Inet Tarificator is stopped.

14.05.2014 09:07:28 -> Inet Tarificator (Server) started on.
14.05.2014 09:07:31 -> Operator - DEFAULT
14.05.2014 09:07:43 -> Inet Tarificator is stopped.

14.05.2014 09:09:35 -> Inet Tarificator (Server) started on.
14.05.2014 09:09:36 -> Operator - DEFAULT
14.05.2014 09:09:41 -> UnLockStationSock: UnLock Workstation number 0
14.05.2014 09:10:04 -> UnLockStationSock: UnLock Workstation number 0
14.05.2014 09:10:06 -> UnLockStationSock: UnLock Workstation number 0
14.05.2014 09:10:54 -> UnLockStationSock: UnLock Workstation number 0
14.05.2014 09:10:58 -> UnLockStationSock: UnLock Workstation number 0
14.05.2014 09:11:39 -> UnLockStationSock: UnLock Workstation number 0
14.05.2014 09:11:47 -> UnLockStationSock: UnLock Workstation number 0
14.05.2014 09:12:17 -> UnLockStationSock: UnLock Workstation number 0
14.05.2014 09:12:23 -> UnLockStationSock: UnLock Workstation number 0
14.05.2014 09:14:13 -> Inet Tarificator is stopped.

14.05.2014 09:16:13 -> Inet Tarificator (Server) started on.
14.05.2014 09:16:31 -> Operator - DEFAULT
14.05.2014 09:16:44 -> Inet Tarificator (Server) started on.
14.05.2014 09:16:45 -> Operator - DEFAULT
14.05.2014 09:16:56 -> Inet Tarificator is stopped.

14.05.2014 11:42:03 -> Inet Tarificator (Server) started on.
14.05.2014 11:42:07 -> Operator - DEFAULT
14.05.2014 11:42:20 -> Inet Tarificator is stopped.

14.05.2014 11:50:54 -> Inet Tarificator (Server) started on.
14.05.2014 11:50:55 -> Operator - DEFAULT
14.05.2014 11:57:30 -> Inet Tarificator (Server) started on.
14.05.2014 11:57:32 -> Operator - DEFAULT
14.05.2014 12:02:31 -> Inet Tarificator (Server) started on.
14.05.2014 12:02:58 -> Inet Tarificator (Server) started on.
14.05.2014 12:02:59 -> Operator - DEFAULT
14.05.2014 12:03:54 -> Inet Tarificator (Server) started on.
14.05.2014 12:03:54 -> Operator - DEFAULT
14.05.2014 12:04:00 -> UnLockStationSock: UnLock Workstation number 0
14.05.2014 12:04:17 -> UnLockStationSock: UnLock Workstation number 0
14.05.2014 12:04:50 -> UnLockStationSock: UnLock Workstation number 0
14.05.2014 12:05:43 -> Inet Tarificator (Server) started on.
14.05.2014 12:05:45 -> Operator - DEFAULT
14.05.2014 12:06:03 -> UnLockStationSock: UnLock Workstation number 0
14.05.2014 12:06:18 -> UnLockStationSock: UnLock Workstation number 0
14.05.2014 12:06:28 -> Inet Tarificator (Server) started on.
14.05.2014 12:06:30 -> Operator - DEFAULT
14.05.2014 12:08:37 -> UnLockStationSock: UnLock Workstation number 0
14.05.2014 12:08:47 -> Inet Tarificator (Server) started on.
14.05.2014 12:08:49 -> Operator - DEFAULT
14.05.2014 12:08:59 -> UnLockStationSock: UnLock Workstation number 0
14.05.2014 12:09:10 -> Inet Tarificator (Server) started on.
14.05.2014 12:09:11 -> Operator - DEFAULT
14.05.2014 12:11:21 -> Inet Tarificator (Server) started on.
14.05.2014 12:11:23 -> Operator - DEFAULT
14.05.2014 12:11:33 -> UnLockStationSock: UnLock Workstation number 0
14.05.2014 13:02:31 -> Inet Tarificator (Server) started on.
14.05.2014 13:02:33 -> Operator - DEFAULT
14.05.2014 13:07:56 -> Inet Tarificator (Server) started on.
14.05.2014 13:07:58 -> Operator - DEFAULT
14.05.2014 13:25:33 -> Inet Tarificator (Server) started on.
14.05.2014 13:25:34 -> Operator - DEFAULT
14.05.2014 13:26:03 -> Inet Tarificator is stopped.

14.05.2014 13:26:25 -> Inet Tarificator (Server) started on.
14.05.2014 13:26:26 -> Operator - DEFAULT
14.05.2014 13:27:44 -> Inet Tarificator (Server) started on.
14.05.2014 13:27:45 -> Operator - DEFAULT
14.05.2014 13:30:23 -> Inet Tarificator (Server) started on.
14.05.2014 13:30:24 -> Operator - DEFAULT
14.05.2014 13:31:03 -> Inet Tarificator (Server) started on.
14.05.2014 13:31:04 -> Operator - DEFAULT
14.05.2014 13:31:41 -> Inet Tarificator (Server) started on.
14.05.2014 13:31:42 -> Operator - DEFAULT
14.05.2014 13:32:40 -> Inet Tarificator (Server) started on.
14.05.2014 13:32:42 -> Operator - DEFAULT
14.05.2014 13:32:57 -> UnLockStationSock: UnLock Workstation number 0
14.05.2014 13:34:14 -> Inet Tarificator is stopped.

16.05.2014 09:54:00 -> Inet Tarificator (Server) started on.
16.05.2014 09:54:01 -> Operator - DEFAULT
16.05.2014 09:54:12 -> UnLockStationSock: UnLock Workstation number 0
16.05.2014 09:54:13 -> UnLockStationSock: UnLock Workstation number 0
16.05.2014 09:54:22 -> UnLockStationSock: UnLock Workstation number 0
16.05.2014 09:54:33 -> UnLockStationSock: UnLock Workstation number 0
16.05.2014 09:54:50 -> UnLockStationSock: UnLock Workstation number 0
16.05.2014 09:55:01 -> UnLockStationSock: UnLock Workstation number 0
16.05.2014 10:05:52 -> Inet Tarificator (Server) started on.
16.05.2014 10:05:55 -> Operator - DEFAULT
16.05.2014 10:06:26 -> UnLockStationSock: UnLock Workstation number 0
16.05.2014 10:06:31 -> UnLockStationSock: UnLock Workstation number 0
16.05.2014 10:06:32 -> UnLockStationSock: UnLock Workstation number 0
16.05.2014 10:06:36 -> UnLockStationSock: UnLock Workstation number 0
16.05.2014 10:06:38 -> UnLockStationSock: UnLock Workstation number 0
16.05.2014 10:06:50 -> UnLockStationSock: UnLock Workstation number 0
16.05.2014 10:06:53 -> UnLockStationSock: UnLock Workstation number 0
16.05.2014 10:07:01 -> UnLockStationSock: UnLock Workstation number 0
16.05.2014 10:07:02 -> UnLockStationSock: UnLock Workstation number 0
16.05.2014 10:07:13 -> UnLockStationSock: UnLock Workstation number 0
16.05.2014 10:07:14 -> UnLockStationSock: UnLock Workstation number 0
16.05.2014 10:07:17 -> UnLockStationSock: UnLock Workstation number 0
16.05.2014 10:07:18 -> UnLockStationSock: UnLock Workstation number 0
16.05.2014 10:07:21 -> UnLockStationSock: UnLock Workstation number 0
16.05.2014 10:07:21 -> UnLockStationSock: UnLock Workstation number 0
16.05.2014 10:07:24 -> UnLockStationSock: UnLock Workstation number 0
16.05.2014 10:07:25 -> UnLockStationSock: UnLock Workstation number 0
27.05.2014 09:00:40 -> Inet Tarificator (Server) started on.
27.05.2014 09:00:42 -> Operator - DEFAULT
27.05.2014 09:00:56 -> UnLockStationSock: UnLock Workstation number 0
27.05.2014 09:01:25 -> UnLockStationSock: UnLock Workstation number 0
27.05.2014 09:02:37 -> UnLockStationSock: UnLock Workstation number 0
27.05.2014 09:03:05 -> UnLockStationSock: UnLock Workstation number 0
27.05.2014 09:03:32 -> UnLockStationSock: UnLock Workstation number 0
27.05.2014 09:04:12 -> UnLockStationSock: UnLock Workstation number 0
27.05.2014 09:04:41 -> UnLockStationSock: UnLock Workstation number 0
27.05.2014 09:05:08 -> Inet Tarificator is stopped.

17.06.2014 09:45:11 -> Inet Tarificator (Server) started on.
17.06.2014 09:45:17 -> Operator - DEFAULT
17.06.2014 09:45:31 -> Inet Tarificator is stopped.

17.06.2014 11:55:31 -> Inet Tarificator (Server) started on.
17.06.2014 11:55:32 -> Operator - DEFAULT
17.06.2014 11:55:39 -> UnLockStationSock: UnLock Workstation number 0
17.06.2014 11:56:04 -> UnLockStationSock: UnLock Workstation number 0
17.06.2014 12:04:25 -> UnLockStationSock: UnLock Workstation number 0
17.06.2014 13:04:14 -> UnLockStationSock: UnLock Workstation number 0
17.06.2014 13:13:14 -> Inet Tarificator is stopped.

17.06.2014 13:17:17 -> Inet Tarificator (Server) started on.
17.06.2014 13:17:18 -> Operator - DEFAULT
17.06.2014 13:17:23 -> UnLockStationSock: UnLock Workstation number 0
17.06.2014 13:17:35 -> UnLockStationSock: UnLock Workstation number 0
17.06.2014 13:17:53 -> UnLockStationSock: UnLock Workstation number 0
17.06.2014 13:18:00 -> UnLockStationSock: UnLock Workstation number 0
17.06.2014 13:18:06 -> UnLockStationSock: UnLock Workstation number 0
17.06.2014 13:18:11 -> UnLockStationSock: UnLock Workstation number 0
17.06.2014 13:18:14 -> UnLockStationSock: UnLock Workstation number 0
17.06.2014 13:18:18 -> UnLockStationSock: UnLock Workstation number 0
17.06.2014 13:18:27 -> UnLockStationSock: UnLock Workstation number 0
17.06.2014 13:18:32 -> UnLockStationSock: UnLock Workstation number 0
17.06.2014 13:18:51 -> Inet Tarificator is stopped.

18.06.2014 08:29:17 -> Inet Tarificator (Server) started on.
18.06.2014 08:29:24 -> Operator - DEFAULT
18.06.2014 08:29:35 -> UnLockStationSock: UnLock Workstation number 0
18.06.2014 10:36:31 -> UnLockStationSock: UnLock Workstation number 0
18.06.2014 10:39:05 -> UnLockStationSock: UnLock Workstation number 0
18.06.2014 11:18:41 -> UnLockStationSock: UnLock Workstation number 0
18.06.2014 12:08:57 -> UnLockStationSock: UnLock Workstation number 0
18.06.2014 12:10:41 -> UnLockStationSock: UnLock Workstation number 0
18.06.2014 12:11:24 -> UnLockStationSock: UnLock Workstation number 0
18.06.2014 12:11:28 -> UnLockStationSock: UnLock Workstation number 0
18.06.2014 12:11:34 -> UnLockStationSock: UnLock Workstation number 0
18.06.2014 12:11:41 -> UnLockStationSock: UnLock Workstation number 0
18.06.2014 12:14:19 -> UnLockStationSock: UnLock Workstation number 0
18.06.2014 12:14:34 -> UnLockStationSock: UnLock Workstation number 0
18.06.2014 12:14:40 -> UnLockStationSock: UnLock Workstation number 0
18.06.2014 12:14:43 -> UnLockStationSock: UnLock Workstation number 0
18.06.2014 12:14:52 -> UnLockStationSock: UnLock Workstation number 0
18.06.2014 12:14:57 -> UnLockStationSock: UnLock Workstation number 0
18.06.2014 12:15:34 -> UnLockStationSock: UnLock Workstation number 0
18.06.2014 12:15:37 -> UnLockStationSock: UnLock Workstation number 0
18.06.2014 12:16:36 -> UnLockStationSock: UnLock Workstation number 0
18.06.2014 12:16:42 -> UnLockStationSock: UnLock Workstation number 0
18.06.2014 12:16:52 -> UnLockStationSock: UnLock Workstation number 0
18.06.2014 12:17:26 -> UnLockStationSock: UnLock Workstation number 0
18.06.2014 12:17:32 -> UnLockStationSock: UnLock Workstation number 0
18.06.2014 12:17:38 -> UnLockStationSock: UnLock Workstation number 0
18.06.2014 12:17:47 -> UnLockStationSock: UnLock Workstation number 0
18.06.2014 12:22:47 -> Inet Tarificator (Server) started on.
18.06.2014 12:22:49 -> Operator - DEFAULT
18.06.2014 12:23:11 -> UnLockStationSock: UnLock Workstation number 0
18.06.2014 12:23:25 -> UnLockStationSock: UnLock Workstation number 0
18.06.2014 13:01:32 -> UnLockStationSock: UnLock Workstation number 0
18.06.2014 13:46:31 -> UnLockStationSock: UnLock Workstation number 0
18.06.2014 13:51:50 -> UnLockStationSock: UnLock Workstation number 0
18.06.2014 13:53:10 -> UnLockStationSock: UnLock Workstation number 0
18.06.2014 13:54:43 -> Inet Tarificator is stopped.

