


***ЗАПУСК ПРОГРАММЫ       [27.09.2013 14:33:00]

(%)АВТОНОМНЫЙ РЕЖИМ ВКЛЮЧЁН       [27.09.2013 14:33:05]
 . rfLogIn(Num=2,Psw="2")       [27.09.2013 14:33:05]
[*]НАЙДЕН ФАЙЛ: 131147.fil       [27.09.2013 14:33:42]


 * Обработка файла:       [27.09.2013 14:33:42]

 * Обработка команды: "9$0$2000$Службовий"       [27.09.2013 14:33:42]
 . rfServicePay(payType=0,ASum=2000)       [27.09.2013 14:33:42]
[*]НАЙДЕН ФАЙЛ: 131743.fil       [27.09.2013 14:34:12]


 * Обработка файла:       [27.09.2013 14:34:12]

 * Обработка команды: "9$1$0$Станція N 1"       [27.09.2013 14:34:12]
 . rfServicePay(payType=1,ASum=0)       [27.09.2013 14:34:12]
(E)  Непредвиденная ошибка! Чек отменен! Помилка в команді PROCEDURE InOut (43) Поля: 
ID (0) - 0
Sum (1) - 0
 : ошибка аппарата 0xe1: ef_BadSum Invalid sum of the payment       [27.09.2013 14:34:14]
(X)АВТОНОМНЫЙ РЕЖИМ ВЫКЛЮЧЁН       [27.09.2013 14:34:45]



***ЗАПУСК ПРОГРАММЫ       [27.09.2013 14:35:45]

(%)АВТОНОМНЫЙ РЕЖИМ ВКЛЮЧЁН       [27.09.2013 14:35:48]
 . rfLogIn(Num=2,Psw="2")       [27.09.2013 14:35:48]
[*]НАЙДЕН ФАЙЛ: 131147.fil       [27.09.2013 14:35:53]


 * Обработка файла:       [27.09.2013 14:35:53]

 * Обработка команды: "9$0$2000$Службовий"       [27.09.2013 14:35:53]
 . rfServicePay(payType=0,ASum=2000)       [27.09.2013 14:35:53]
(E) !Помилка в команді PROCEDURE InOut (43) Поля: 
ID (0) - 0
Sum (1) - -20
 : ошибка аппарата 0xf3: A negative sum of the Z1 report       [27.09.2013 14:35:58]



***ЗАПУСК ПРОГРАММЫ       [27.09.2013 14:37:23]

(%)АВТОНОМНЫЙ РЕЖИМ ВКЛЮЧЁН       [27.09.2013 14:37:28]
 . rfLogIn(Num=2,Psw="2")       [27.09.2013 14:37:28]
[*]НАЙДЕН ФАЙЛ: 131743.fil       [27.09.2013 14:37:33]
 * Файл в архиве уже существует, переименовываем в C:\RFBILLS\ARCHIVE\131743.fil.0       [27.09.2013 14:37:33]


 * Обработка файла:       [27.09.2013 14:37:33]

 * Обработка команды: "9$1$0$Станція N 1"       [27.09.2013 14:37:33]
 . rfServicePay(payType=1,ASum=0)       [27.09.2013 14:37:33]
(E)  Непредвиденная ошибка! Чек отменен! Помилка в команді PROCEDURE InOut (43) Поля: 
ID (0) - 0
Sum (1) - 0
 : ошибка аппарата 0xe1: ef_BadSum Invalid sum of the payment       [27.09.2013 14:37:37]



***ЗАПУСК ПРОГРАММЫ       [27.09.2013 14:39:37]

(%)АВТОНОМНЫЙ РЕЖИМ ВКЛЮЧЁН       [27.09.2013 14:39:40]
 . rfLogIn(Num=2,Psw="2")       [27.09.2013 14:39:40]
[*]НАЙДЕН ФАЙЛ: 131743.fil       [27.09.2013 14:40:01]


 * Обработка файла:       [27.09.2013 14:40:01]

 * Обработка команды: "9$1$0$Станція N 1"       [27.09.2013 14:40:01]
 . rfServicePay(payType=1,ASum=0)       [27.09.2013 14:40:01]
(E) !Помилка в команді PROCEDURE InOut (43) Поля: 
ID (0) - 0
Sum (1) - 0
 : ошибка аппарата 0xe1: ef_BadSum Invalid sum of the payment       [27.09.2013 14:40:04]
[*]НАЙДЕН ФАЙЛ: 131017.fil       [27.09.2013 14:40:40]


 * Обработка файла:       [27.09.2013 14:40:40]

 * Обработка команды: "9$1$200$Станція N 1"       [27.09.2013 14:40:40]
 . rfServicePay(payType=1,ASum=200)       [27.09.2013 14:40:40]
(%)АВТОНОМНЫЙ РЕЖИМ ВКЛЮЧЁН       [27.09.2013 14:41:03]
 . rfLogIn(Num=1,Psw="1")       [27.09.2013 14:41:03]
(X)Произошла смена кассира       [27.09.2013 14:41:07]
(X)АВТОНОМНЫЙ РЕЖИМ ВЫКЛЮЧЁН       [27.09.2013 14:41:12]
(%)АВТОНОМНЫЙ РЕЖИМ ВКЛЮЧЁН       [27.09.2013 14:41:16]
 . rfLogIn(Num=2,Psw="2")       [27.09.2013 14:41:16]
(X)Произошла смена кассира       [27.09.2013 14:41:21]



***ЗАПУСК ПРОГРАММЫ       [27.09.2013 14:44:20]




***ЗАПУСК ПРОГРАММЫ       [27.09.2013 15:04:58]




***ЗАПУСК ПРОГРАММЫ       [27.09.2013 15:07:48]




***ЗАПУСК ПРОГРАММЫ       [27.09.2013 15:28:03]

(%)АВТОНОМНЫЙ РЕЖИМ ВКЛЮЧЁН       [27.09.2013 15:28:27]
 . rfLogIn(Num=2,Psw="2")       [27.09.2013 15:28:27]



***ЗАПУСК ПРОГРАММЫ       [27.09.2013 15:31:38]

(%)АВТОНОМНЫЙ РЕЖИМ ВКЛЮЧЁН       [27.09.2013 15:31:41]
 . rfLogIn(Num=2,Psw="2")       [27.09.2013 15:31:41]
(X)АВТОНОМНЫЙ РЕЖИМ ВЫКЛЮЧЁН       [27.09.2013 15:32:00]
(%)АВТОНОМНЫЙ РЕЖИМ ВКЛЮЧЁН       [27.09.2013 15:32:02]
 . rfLogIn(Num=2,Psw="2")       [27.09.2013 15:32:02]
[*]НАЙДЕН ФАЙЛ: 131743.fil       [27.09.2013 15:33:10]


 * Обработка файла:       [27.09.2013 15:33:10]

 * Обработка команды: "9$1$0$Станція N 1"       [27.09.2013 15:33:10]
 . rfServicePay(payType=1,ASum=0)       [27.09.2013 15:33:10]
(E) !Помилка в команді PROCEDURE InOut (43) Поля: 
ID (0) - 0
Sum (1) - 0
 : ошибка аппарата 0xe1: ef_BadSum Invalid sum of the payment       [27.09.2013 15:33:14]
[*]НАЙДЕН ФАЙЛ: 131743.fil       [27.09.2013 15:33:45]


 * Обработка файла:       [27.09.2013 15:33:45]

 * Обработка команды: "9$1$0$Станція N 1"       [27.09.2013 15:33:45]
 . rfServicePay(payType=1,ASum=0)       [27.09.2013 15:33:45]
(E) !Помилка в команді PROCEDURE InOut (43) Поля: 
ID (0) - 0
Sum (1) - 0
 : ошибка аппарата 0xe1: ef_BadSum Invalid sum of the payment       [27.09.2013 15:33:48]



***ЗАПУСК ПРОГРАММЫ       [27.09.2013 15:39:19]

(%)АВТОНОМНЫЙ РЕЖИМ ВКЛЮЧЁН       [27.09.2013 15:39:23]
 . rfLogIn(Num=2,Psw="2")       [27.09.2013 15:39:23]
[*]НАЙДЕН ФАЙЛ: 131743.fil       [27.09.2013 15:39:32]


 * Обработка файла:       [27.09.2013 15:39:32]

 * Обработка команды: "9$1$0$Станція N 1"       [27.09.2013 15:39:32]
 . rfServicePay(payType=1,ASum=0)       [27.09.2013 15:39:32]
(E) !Помилка в команді PROCEDURE InOut (43) Поля: 
ID (0) - 0
Sum (1) - 0
 : ошибка аппарата 0xe1: ef_BadSum Invalid sum of the payment       [27.09.2013 15:39:34]
[*]НАЙДЕН ФАЙЛ: 131743.fil       [27.09.2013 15:39:51]


 * Обработка файла:       [27.09.2013 15:39:51]

 * Обработка команды: "9$1$0$Станція N 1"       [27.09.2013 15:39:51]
 . rfServicePay(payType=1,ASum=0)       [27.09.2013 15:39:51]
(E) !Помилка в команді PROCEDURE InOut (43) Поля: 
ID (0) - 0
Sum (1) - 0
 : ошибка аппарата 0xe1: ef_BadSum Invalid sum of the payment       [27.09.2013 15:39:52]



***ЗАПУСК ПРОГРАММЫ       [27.09.2013 15:41:38]

(%)АВТОНОМНЫЙ РЕЖИМ ВКЛЮЧЁН       [27.09.2013 15:41:40]
 . rfLogIn(Num=2,Psw="2")       [27.09.2013 15:41:40]
[*]НАЙДЕН ФАЙЛ: 131743.fil       [27.09.2013 15:41:51]


 * Обработка файла:       [27.09.2013 15:41:51]

 * Обработка команды: "9$1$0$Станція N 1"       [27.09.2013 15:41:51]
 . rfServicePay(payType=1,ASum=0)       [27.09.2013 15:41:51]
(E) !Помилка в команді PROCEDURE InOut (43) Поля: 
ID (0) - 0
Sum (1) - 0
 : ошибка аппарата 0xe1: ef_BadSum Invalid sum of the payment       [27.09.2013 15:41:53]



***ЗАПУСК ПРОГРАММЫ       [28.09.2013 16:11:17]

(%)АВТОНОМНЫЙ РЕЖИМ ВКЛЮЧЁН       [28.09.2013 16:11:21]
 . rfLogIn(Num=2,Psw="2")       [28.09.2013 16:11:21]



***ЗАПУСК ПРОГРАММЫ       [27.09.2013 16:16:21]

(%)АВТОНОМНЫЙ РЕЖИМ ВКЛЮЧЁН       [27.09.2013 16:16:29]
 . rfLogIn(Num=2,Psw="2")       [27.09.2013 16:16:29]



***ЗАПУСК ПРОГРАММЫ       [28.09.2013 8:51:40]




***ЗАПУСК ПРОГРАММЫ       [28.09.2013 8:59:34]

(%)АВТОНОМНЫЙ РЕЖИМ ВКЛЮЧЁН       [28.09.2013 8:59:39]
 . rfLogIn(Num=2,Psw="2")       [28.09.2013 8:59:39]
(E) !Помилка в команді PROCEDURE SmenBegin (37)  : ошибка аппарата 0xd3: Date change or the end of the shift is reached       [28.09.2013 8:59:48]



***ЗАПУСК ПРОГРАММЫ       [28.09.2013 9:05:49]

(%)АВТОНОМНЫЙ РЕЖИМ ВКЛЮЧЁН       [28.09.2013 9:06:09]
 . rfLogIn(Num=2,Psw="2")       [28.09.2013 9:06:09]
(E) !Помилка в команді PROCEDURE SmenBegin (37)  : ошибка аппарата 0xd3: Date change or the end of the shift is reached       [28.09.2013 9:06:14]
 . rfReport(repType=а,repMode=Z)       [28.09.2013 9:06:27]
(X)Произошла смена кассира       [28.09.2013 9:06:41]



***ЗАПУСК ПРОГРАММЫ       [28.09.2013 9:20:32]

(%)АВТОНОМНЫЙ РЕЖИМ ВКЛЮЧЁН       [28.09.2013 9:20:37]
 . rfLogIn(Num=2,Psw="2")       [28.09.2013 9:20:37]
[*]НАЙДЕН ФАЙЛ: 092053.fil       [28.09.2013 9:20:53]


 * Обработка файла:       [28.09.2013 9:20:53]

 * Обработка команды: "P$401$1$0$1$0$1$ЧОРНО-БІЛИЙ ДРУК А4$0$999000"       [28.09.2013 9:20:53]
 . rfProgramGoods(Code=401TaxId=1OpId=0DivId=1Qty=999000Price=0       [28.09.2013 9:20:53]
(E) !Помилка в команді PROCEDURE FullProd (79) Поля: 
Code (0) - 401
Price (1) - 0
Qty (2) - 1
Dep (3) - 1
Grp (4) - 1
Tax (5) - 1
Name (6) - ЧОРНО-БІЛИЙ ДРУК А4
 : ошибка аппарата 0x01: The price is not specified       [28.09.2013 9:21:03]
[*]НАЙДЕН ФАЙЛ: 092145.fil       [28.09.2013 9:21:54]


 * Обработка файла:       [28.09.2013 9:21:54]

 * Обработка команды: "P$100$1$0$1$0$1$IНТЕРНЕТ/КОР КОМП$1$999000"       [28.09.2013 9:21:54]
 . rfProgramGoods(Code=100TaxId=1OpId=0DivId=1Qty=999000Price=1       [28.09.2013 9:21:54]

 * Обработка команды: "!$100$1000"       [28.09.2013 9:21:54]
 . rfDoSale(Code=100,Qty=1000)       [28.09.2013 9:21:54]

 * Обработка команды: "2$1"       [28.09.2013 9:21:54]
 . rfDoPay(Sum=1)       [28.09.2013 9:21:54]
[*]НАЙДЕН ФАЙЛ: 092145.fil       [28.09.2013 9:22:19]


 * Обработка файла:       [28.09.2013 9:22:19]

 * Обработка команды: "P$100$1$0$1$0$1$IНТЕРНЕТ/КОР КОМП$0$999000"       [28.09.2013 9:22:19]
 . rfProgramGoods(Code=100TaxId=1OpId=0DivId=1Qty=999000Price=0       [28.09.2013 9:22:19]
(E) !Помилка в команді PROCEDURE FullProd (79) Поля: 
Code (0) - 100
Price (1) - 0
Qty (2) - 1
Dep (3) - 1
Grp (4) - 1
Tax (5) - 1
Name (6) - IНТЕРНЕТ/КОР КОМП
 : ошибка аппарата 0x01: The price is not specified       [28.09.2013 9:22:23]
[*]НАЙДЕН ФАЙЛ: 092315.fil       [28.09.2013 9:23:16]


 * Обработка файла:       [28.09.2013 9:23:16]

 * Обработка команды: "9$1$1$Службовий"       [28.09.2013 9:23:16]
 . rfServicePay(payType=1,ASum=1)       [28.09.2013 9:23:16]
[*]НАЙДЕН ФАЙЛ: 092340.fil       [28.09.2013 9:23:40]


 * Обработка файла:       [28.09.2013 9:23:40]

 * Обработка команды: "9$0$100$Службовий"       [28.09.2013 9:23:40]
 . rfServicePay(payType=0,ASum=100)       [28.09.2013 9:23:40]
(E) !Помилка в команді PROCEDURE InOut (43) Поля: 
ID (0) - 0
Sum (1) - -1
 : ошибка аппарата 0xf3: A negative sum of the Z1 report       [28.09.2013 9:23:42]



***ЗАПУСК ПРОГРАММЫ       [28.09.2013 11:11:48]

(%)АВТОНОМНЫЙ РЕЖИМ ВКЛЮЧЁН       [28.09.2013 11:11:54]
 . rfLogIn(Num=2,Psw="2")       [28.09.2013 11:11:54]



***ЗАПУСК ПРОГРАММЫ       [28.09.2013 11:14:52]




***ЗАПУСК ПРОГРАММЫ       [28.09.2013 11:18:42]

(%)АВТОНОМНЫЙ РЕЖИМ ВКЛЮЧЁН       [28.09.2013 11:18:48]
 . rfLogIn(Num=2,Psw="2")       [28.09.2013 11:18:48]
 . rfReport(repType=а,repMode=X)       [28.09.2013 11:18:58]
 . rfReport(repType=и,repMode=X)       [28.09.2013 11:19:10]
(X)АВТОНОМНЫЙ РЕЖИМ ВЫКЛЮЧЁН       [28.09.2013 11:19:40]



***ЗАПУСК ПРОГРАММЫ       [28.09.2013 11:20:32]

(%)АВТОНОМНЫЙ РЕЖИМ ВКЛЮЧЁН       [28.09.2013 11:20:35]
 . rfLogIn(Num=2,Psw="2")       [28.09.2013 11:20:35]
(X)АВТОНОМНЫЙ РЕЖИМ ВЫКЛЮЧЁН       [28.09.2013 11:20:42]



***ЗАПУСК ПРОГРАММЫ       [28.09.2013 11:22:00]

(%)АВТОНОМНЫЙ РЕЖИМ ВКЛЮЧЁН       [28.09.2013 11:22:13]
 . rfLogIn(Num=2,Psw="2")       [28.09.2013 11:22:13]
(X)АВТОНОМНЫЙ РЕЖИМ ВЫКЛЮЧЁН       [28.09.2013 11:22:44]



***ЗАПУСК ПРОГРАММЫ       [28.09.2013 11:25:43]

(%)АВТОНОМНЫЙ РЕЖИМ ВКЛЮЧЁН       [28.09.2013 11:25:54]
 . rfLogIn(Num=2,Psw="2")       [28.09.2013 11:25:54]
(X)АВТОНОМНЫЙ РЕЖИМ ВЫКЛЮЧЁН       [28.09.2013 11:25:59]



***ЗАПУСК ПРОГРАММЫ       [28.09.2013 11:27:29]

(%)АВТОНОМНЫЙ РЕЖИМ ВКЛЮЧЁН       [28.09.2013 11:27:32]
 . rfLogIn(Num=2,Psw="2")       [28.09.2013 11:27:32]
(X)АВТОНОМНЫЙ РЕЖИМ ВЫКЛЮЧЁН       [28.09.2013 11:27:35]



***ЗАПУСК ПРОГРАММЫ       [28.09.2013 11:31:45]

(%)АВТОНОМНЫЙ РЕЖИМ ВКЛЮЧЁН       [28.09.2013 11:31:49]
 . rfLogIn(Num=2,Psw="2")       [28.09.2013 11:31:49]
(X)АВТОНОМНЫЙ РЕЖИМ ВЫКЛЮЧЁН       [28.09.2013 11:38:46]



***ЗАПУСК ПРОГРАММЫ       [28.09.2013 11:40:07]

(%)АВТОНОМНЫЙ РЕЖИМ ВКЛЮЧЁН       [28.09.2013 11:40:09]
 . rfLogIn(Num=2,Psw="2")       [28.09.2013 11:40:09]
(X)АВТОНОМНЫЙ РЕЖИМ ВЫКЛЮЧЁН       [28.09.2013 11:40:12]



***ЗАПУСК ПРОГРАММЫ       [28.09.2013 11:41:24]

(%)АВТОНОМНЫЙ РЕЖИМ ВКЛЮЧЁН       [28.09.2013 11:41:27]
 . rfLogIn(Num=2,Psw="2")       [28.09.2013 11:41:27]
(X)АВТОНОМНЫЙ РЕЖИМ ВЫКЛЮЧЁН       [28.09.2013 11:41:32]



***ЗАПУСК ПРОГРАММЫ       [28.09.2013 11:42:41]

(%)АВТОНОМНЫЙ РЕЖИМ ВКЛЮЧЁН       [28.09.2013 11:42:46]
 . rfLogIn(Num=2,Psw="2")       [28.09.2013 11:42:46]
(X)АВТОНОМНЫЙ РЕЖИМ ВЫКЛЮЧЁН       [28.09.2013 11:42:51]



***ЗАПУСК ПРОГРАММЫ       [28.09.2013 11:43:16]

(%)АВТОНОМНЫЙ РЕЖИМ ВКЛЮЧЁН       [28.09.2013 11:43:18]
 . rfLogIn(Num=2,Psw="2")       [28.09.2013 11:43:18]
(X)АВТОНОМНЫЙ РЕЖИМ ВЫКЛЮЧЁН       [28.09.2013 11:43:22]



***ЗАПУСК ПРОГРАММЫ       [28.09.2013 11:44:28]

(%)АВТОНОМНЫЙ РЕЖИМ ВКЛЮЧЁН       [28.09.2013 11:44:31]
 . rfLogIn(Num=2,Psw="2")       [28.09.2013 11:44:31]
(X)АВТОНОМНЫЙ РЕЖИМ ВЫКЛЮЧЁН       [28.09.2013 11:44:35]



***ЗАПУСК ПРОГРАММЫ       [28.09.2013 11:46:05]

(%)АВТОНОМНЫЙ РЕЖИМ ВКЛЮЧЁН       [28.09.2013 11:46:07]
 . rfLogIn(Num=2,Psw="2")       [28.09.2013 11:46:07]



***ЗАПУСК ПРОГРАММЫ       [28.09.2013 11:47:32]

(%)АВТОНОМНЫЙ РЕЖИМ ВКЛЮЧЁН       [28.09.2013 11:47:35]
 . rfLogIn(Num=2,Psw="2")       [28.09.2013 11:47:35]
(X)АВТОНОМНЫЙ РЕЖИМ ВЫКЛЮЧЁН       [28.09.2013 11:47:38]



***ЗАПУСК ПРОГРАММЫ       [28.09.2013 11:48:31]

(%)АВТОНОМНЫЙ РЕЖИМ ВКЛЮЧЁН       [28.09.2013 11:48:34]
 . rfLogIn(Num=2,Psw="2")       [28.09.2013 11:48:34]
(X)АВТОНОМНЫЙ РЕЖИМ ВЫКЛЮЧЁН       [28.09.2013 11:48:37]



***ЗАПУСК ПРОГРАММЫ       [28.09.2013 11:49:20]

(%)АВТОНОМНЫЙ РЕЖИМ ВКЛЮЧЁН       [28.09.2013 11:49:24]
 . rfLogIn(Num=2,Psw="2")       [28.09.2013 11:49:24]
(X)АВТОНОМНЫЙ РЕЖИМ ВЫКЛЮЧЁН       [28.09.2013 11:49:31]



***ЗАПУСК ПРОГРАММЫ       [28.09.2013 11:52:06]

(%)АВТОНОМНЫЙ РЕЖИМ ВКЛЮЧЁН       [28.09.2013 11:52:09]
 . rfLogIn(Num=2,Psw="2")       [28.09.2013 11:52:09]
(X)АВТОНОМНЫЙ РЕЖИМ ВЫКЛЮЧЁН       [28.09.2013 11:52:13]



***ЗАПУСК ПРОГРАММЫ       [28.09.2013 11:55:10]

(%)АВТОНОМНЫЙ РЕЖИМ ВКЛЮЧЁН       [28.09.2013 11:55:14]
 . rfLogIn(Num=2,Psw="2")       [28.09.2013 11:55:14]
(X)АВТОНОМНЫЙ РЕЖИМ ВЫКЛЮЧЁН       [28.09.2013 11:55:17]
(%)АВТОНОМНЫЙ РЕЖИМ ВКЛЮЧЁН       [28.09.2013 11:55:47]
 . rfLogIn(Num=2,Psw="2")       [28.09.2013 11:55:47]
(X)АВТОНОМНЫЙ РЕЖИМ ВЫКЛЮЧЁН       [28.09.2013 11:55:54]
(%)АВТОНОМНЫЙ РЕЖИМ ВКЛЮЧЁН       [28.09.2013 11:55:57]
 . rfLogIn(Num=2,Psw="2")       [28.09.2013 11:55:57]
(X)АВТОНОМНЫЙ РЕЖИМ ВЫКЛЮЧЁН       [28.09.2013 11:56:03]
(%)АВТОНОМНЫЙ РЕЖИМ ВКЛЮЧЁН       [28.09.2013 11:56:07]
 . rfLogIn(Num=2,Psw="2")       [28.09.2013 11:56:07]
 . rfReport(repType=и,repMode=X)       [28.09.2013 11:56:37]
 . rfReport(repType=а,repMode=X)       [28.09.2013 11:56:57]
(X)АВТОНОМНЫЙ РЕЖИМ ВЫКЛЮЧЁН       [28.09.2013 11:57:15]
(%)АВТОНОМНЫЙ РЕЖИМ ВКЛЮЧЁН       [28.09.2013 11:57:18]
 . rfLogIn(Num=2,Psw="2")       [28.09.2013 11:57:18]



***ЗАПУСК ПРОГРАММЫ       [30.09.2013 15:40:37]




***ЗАПУСК ПРОГРАММЫ       [30.09.2013 15:40:53]

(%)АВТОНОМНЫЙ РЕЖИМ ВКЛЮЧЁН       [30.09.2013 15:40:59]
 . rfLogIn(Num=1,Psw="1")       [30.09.2013 15:40:59]
(E) Не найден кассовый аппарат!Помилка зв'язку з касою: сесія не відкрита на касі       [30.09.2013 15:42:41]
(%)АВТОНОМНЫЙ РЕЖИМ ВКЛЮЧЁН       [30.09.2013 15:44:04]
 . rfLogIn(Num=1,Psw="1")       [30.09.2013 15:44:04]
(X)Произошла смена кассира       [30.09.2013 15:44:09]



***ЗАПУСК ПРОГРАММЫ       [02.10.2013 8:45:12]

(%)АВТОНОМНЫЙ РЕЖИМ ВКЛЮЧЁН       [02.10.2013 8:45:16]
 . rfLogIn(Num=1,Psw="1")       [02.10.2013 8:45:16]



***ЗАПУСК ПРОГРАММЫ       [02.10.2013 8:49:23]

(%)АВТОНОМНЫЙ РЕЖИМ ВКЛЮЧЁН       [02.10.2013 8:49:26]
 . rfLogIn(Num=1,Psw="1")       [02.10.2013 8:49:26]
[*]НАЙДЕН ФАЙЛ: 084920.fil       [02.10.2013 8:49:30]


 * Обработка файла:       [02.10.2013 8:49:30]

 * Обработка команды: "9$0$2000$Службовий"       [02.10.2013 8:49:30]
 . rfServicePay(payType=0,ASum=2000)       [02.10.2013 8:49:30]
(E) !Помилка в команді PROCEDURE InOut (43) Поля: 
ID (0) - 0
Sum (1) - -20
 : ошибка аппарата 0xf3: A negative sum of the Z1 report       [02.10.2013 8:49:32]



***ЗАПУСК ПРОГРАММЫ       [02.10.2013 8:51:30]

(%)АВТОНОМНЫЙ РЕЖИМ ВКЛЮЧЁН       [02.10.2013 8:51:33]
 . rfLogIn(Num=1,Psw="1")       [02.10.2013 8:51:33]
[*]НАЙДЕН ФАЙЛ: 090120.fil       [02.10.2013 9:01:20]


 * Обработка файла:       [02.10.2013 9:01:20]

 * Обработка команды: "9$1$1$Службовий"       [02.10.2013 9:01:20]
 . rfServicePay(payType=1,ASum=1)       [02.10.2013 9:01:20]



***ЗАПУСК ПРОГРАММЫ       [02.10.2013 9:45:39]

(%)АВТОНОМНЫЙ РЕЖИМ ВКЛЮЧЁН       [02.10.2013 9:45:42]
 . rfLogIn(Num=1,Psw="1")       [02.10.2013 9:45:42]



***ЗАПУСК ПРОГРАММЫ       [02.10.2013 9:46:47]

(%)АВТОНОМНЫЙ РЕЖИМ ВКЛЮЧЁН       [02.10.2013 9:46:51]
 . rfLogIn(Num=1,Psw="1")       [02.10.2013 9:46:51]
(X)АВТОНОМНЫЙ РЕЖИМ ВЫКЛЮЧЁН       [02.10.2013 9:47:21]
(%)АВТОНОМНЫЙ РЕЖИМ ВКЛЮЧЁН       [02.10.2013 9:47:24]
 . rfLogIn(Num=1,Psw="1")       [02.10.2013 9:47:24]
(X)АВТОНОМНЫЙ РЕЖИМ ВЫКЛЮЧЁН       [02.10.2013 9:50:05]
(%)АВТОНОМНЫЙ РЕЖИМ ВКЛЮЧЁН       [02.10.2013 9:50:09]
 . rfLogIn(Num=1,Psw="1")       [02.10.2013 9:50:09]
(X)АВТОНОМНЫЙ РЕЖИМ ВЫКЛЮЧЁН       [02.10.2013 9:50:29]
(%)АВТОНОМНЫЙ РЕЖИМ ВКЛЮЧЁН       [02.10.2013 9:50:32]
 . rfLogIn(Num=1,Psw="11")       [02.10.2013 9:50:32]
(E) !Помилка в команді Инициализация. Пользователь 1 : ошибка аппарата 0x32: Bad password       [02.10.2013 9:50:38]
(%)АВТОНОМНЫЙ РЕЖИМ ВКЛЮЧЁН       [02.10.2013 9:50:45]
 . rfLogIn(Num=1,Psw="11")       [02.10.2013 9:50:45]
(E) !Помилка в команді Инициализация. Пользователь 1 : ошибка аппарата 0x32: Bad password       [02.10.2013 9:50:50]
(%)АВТОНОМНЫЙ РЕЖИМ ВКЛЮЧЁН       [02.10.2013 9:50:54]
 . rfLogIn(Num=1,Psw="1")       [02.10.2013 9:50:54]
[*]НАЙДЕН ФАЙЛ: 095634.fil       [02.10.2013 9:56:34]


 * Обработка файла:       [02.10.2013 9:56:34]

 * Обработка команды: "P$401$1$0$1$0$1$ЧОРНО-БІЛИЙ ДРУК А4$101$999000"       [02.10.2013 9:56:34]
 . rfProgramGoods(Code=401TaxId=1OpId=0DivId=1Qty=999000Price=101       [02.10.2013 9:56:34]
(E) Непредвиденная ошибка! Чек отменен! Помилка в команді PROCEDURE BegChk (32)  : ошибка аппарата 0xf9: The cashier is not registered       [02.10.2013 10:02:04]



***ЗАПУСК ПРОГРАММЫ       [02.10.2013 10:06:43]

(%)АВТОНОМНЫЙ РЕЖИМ ВКЛЮЧЁН       [02.10.2013 10:07:25]
 . rfLogIn(Num=1,Psw="1")       [02.10.2013 10:07:25]
(X)Произошла смена кассира       [02.10.2013 10:07:30]
[*]НАЙДЕН ФАЙЛ: 100611.fil       [02.10.2013 10:07:54]


 * Обработка файла:       [02.10.2013 10:07:54]

 * Обработка команды: "P$401$1$0$1$0$1$ЧОРНО-БІЛИЙ ДРУК А4$50$999000"       [02.10.2013 10:07:54]
 . rfProgramGoods(Code=401TaxId=1OpId=0DivId=1Qty=999000Price=50       [02.10.2013 10:07:54]
(E) Непредвиденная ошибка! Чек отменен! Помилка в команді PROCEDURE BegChk (32)  : ошибка аппарата 0xf9: The cashier is not registered       [02.10.2013 10:08:35]
[*]НАЙДЕН ФАЙЛ: 100611.fil       [02.10.2013 10:09:50]


 * Обработка файла:       [02.10.2013 10:09:50]

 * Обработка команды: "P$401$1$0$1$0$1$ЧОРНО-БІЛИЙ ДРУК А4$50$999000"       [02.10.2013 10:09:50]
 . rfProgramGoods(Code=401TaxId=1OpId=0DivId=1Qty=999000Price=50       [02.10.2013 10:09:50]
(E) Непредвиденная ошибка! Чек отменен! Помилка в команді PROCEDURE BegChk (32)  : ошибка аппарата 0xf9: The cashier is not registered       [02.10.2013 10:09:57]



***ЗАПУСК ПРОГРАММЫ       [02.10.2013 10:29:14]

(%)АВТОНОМНЫЙ РЕЖИМ ВКЛЮЧЁН       [02.10.2013 10:29:20]
 . rfLogIn(Num=1,Psw="1")       [02.10.2013 10:29:20]
(X)Произошла смена кассира       [02.10.2013 10:29:24]
[*]НАЙДЕН ФАЙЛ: 100611.fil       [02.10.2013 10:29:54]


 * Обработка файла:       [02.10.2013 10:29:54]

 * Обработка команды: "P$401$1$0$1$0$1$ЧОРНО-БІЛИЙ ДРУК А4$50$999000"       [02.10.2013 10:29:54]
 . rfProgramGoods(Code=401TaxId=1OpId=0DivId=1Qty=999000Price=50       [02.10.2013 10:29:54]
(E) Исчезла регистрация кассира! Возможно пропадало питание кассового аппарата       [02.10.2013 10:31:30]
(X)АВТОНОМНЫЙ РЕЖИМ ВЫКЛЮЧЁН       [02.10.2013 10:31:32]



***ЗАПУСК ПРОГРАММЫ       [02.10.2013 10:33:22]

(%)АВТОНОМНЫЙ РЕЖИМ ВКЛЮЧЁН       [02.10.2013 10:33:25]
 . rfLogIn(Num=1,Psw="1")       [02.10.2013 10:33:25]
(X)Произошла смена кассира       [02.10.2013 10:33:28]
[*]НАЙДЕН ФАЙЛ: 100611.fil       [02.10.2013 10:36:54]


 * Обработка файла:       [02.10.2013 10:36:54]

 * Обработка команды: "P$401$1$0$1$0$1$ЧОРНО-БІЛИЙ ДРУК А4$50$999000"       [02.10.2013 10:36:54]
 . rfProgramGoods(Code=401TaxId=1OpId=0DivId=1Qty=999000Price=50       [02.10.2013 10:36:54]
(E) Исчезла регистрация кассира! Возможно пропадало питание кассового аппарата       [02.10.2013 10:37:31]
(X)АВТОНОМНЫЙ РЕЖИМ ВЫКЛЮЧЁН       [02.10.2013 10:37:35]
(%)АВТОНОМНЫЙ РЕЖИМ ВКЛЮЧЁН       [02.10.2013 10:37:42]
 . rfLogIn(Num=1,Psw="1")       [02.10.2013 10:37:42]
(X)Произошла смена кассира       [02.10.2013 10:37:47]



***ЗАПУСК ПРОГРАММЫ       [02.10.2013 10:40:27]




***ЗАПУСК ПРОГРАММЫ       [02.10.2013 10:47:05]

(%)АВТОНОМНЫЙ РЕЖИМ ВКЛЮЧЁН       [02.10.2013 10:47:09]
 . rfLogIn(Num=1,Psw="1")       [02.10.2013 10:47:09]
[*]НАЙДЕН ФАЙЛ: 100611.fil       [02.10.2013 10:47:24]


 * Обработка файла:       [02.10.2013 10:47:24]

 * Обработка команды: "P$401$1$0$1$0$1$ЧОРНО-БІЛИЙ ДРУК А4$50$999000"       [02.10.2013 10:47:24]
 . rfProgramGoods(Code=401TaxId=1OpId=0DivId=1Qty=999000Price=50       [02.10.2013 10:47:24]
(E) Исчезла регистрация кассира! Возможно пропадало питание кассового аппарата       [02.10.2013 10:49:20]
(X)АВТОНОМНЫЙ РЕЖИМ ВЫКЛЮЧЁН       [02.10.2013 10:49:26]
(%)АВТОНОМНЫЙ РЕЖИМ ВКЛЮЧЁН       [02.10.2013 10:49:28]
 . rfLogIn(Num=1,Psw="1")       [02.10.2013 10:49:28]
(X)Произошла смена кассира       [02.10.2013 10:49:31]
[*]НАЙДЕН ФАЙЛ: 100611.fil       [02.10.2013 10:53:36]


 * Обработка файла:       [02.10.2013 10:53:36]

 * Обработка команды: "P$401$1$0$1$0$1$ЧОРНО-БІЛИЙ ДРУК А4$50$999000"       [02.10.2013 10:53:36]
 . rfProgramGoods(Code=401TaxId=1OpId=0DivId=1Qty=999000Price=50       [02.10.2013 10:53:36]

 * Обработка команды: "!$401$1000"       [02.10.2013 10:53:36]
 . rfDoSale(Code=401,Qty=1000)       [02.10.2013 10:53:36]

 * Обработка команды: "2$50"       [02.10.2013 10:53:36]
 . rfDoPay(Sum=50)       [02.10.2013 10:53:36]



***ЗАПУСК ПРОГРАММЫ       [02.10.2013 13:03:06]

(%)АВТОНОМНЫЙ РЕЖИМ ВКЛЮЧЁН       [02.10.2013 13:03:10]
 . rfLogIn(Num=1,Psw="1")       [02.10.2013 13:03:10]



***ЗАПУСК ПРОГРАММЫ       [02.10.2013 13:06:26]

(%)АВТОНОМНЫЙ РЕЖИМ ВКЛЮЧЁН       [02.10.2013 13:06:30]
 . rfLogIn(Num=1,Psw="1")       [02.10.2013 13:06:30]
(X)Произошла смена кассира       [02.10.2013 13:06:34]



***ЗАПУСК ПРОГРАММЫ       [02.10.2013 13:09:11]

(%)АВТОНОМНЫЙ РЕЖИМ ВКЛЮЧЁН       [02.10.2013 13:09:13]
 . rfLogIn(Num=1,Psw="1")       [02.10.2013 13:09:13]
(X)Произошла смена кассира       [02.10.2013 13:09:17]
 . rfReport(repType=а,repMode=X)       [02.10.2013 13:11:03]
(X)Произошла смена кассира       [02.10.2013 13:11:49]



***ЗАПУСК ПРОГРАММЫ       [10.10.2013 10:39:06]




***ЗАПУСК ПРОГРАММЫ       [10.10.2013 11:36:23]

(%)АВТОНОМНЫЙ РЕЖИМ ВКЛЮЧЁН       [10.10.2013 11:37:04]
 . rfLogIn(Num=1,Psw="1")       [10.10.2013 11:37:04]
(X)Произошла смена кассира       [10.10.2013 11:37:13]
(X)АВТОНОМНЫЙ РЕЖИМ ВЫКЛЮЧЁН       [10.10.2013 11:37:27]



***ЗАПУСК ПРОГРАММЫ       [10.10.2013 11:46:39]

(%)АВТОНОМНЫЙ РЕЖИМ ВКЛЮЧЁН       [10.10.2013 11:46:43]
 . rfLogIn(Num=1,Psw="1")       [10.10.2013 11:46:43]



***ЗАПУСК ПРОГРАММЫ       [10.10.2013 11:47:21]




***ЗАПУСК ПРОГРАММЫ       [10.10.2013 11:56:28]

(%)АВТОНОМНЫЙ РЕЖИМ ВКЛЮЧЁН       [10.10.2013 11:56:30]
 . rfLogIn(Num=1,Psw="1")       [10.10.2013 11:56:30]
(X)АВТОНОМНЫЙ РЕЖИМ ВЫКЛЮЧЁН       [10.10.2013 11:56:46]



***ЗАПУСК ПРОГРАММЫ       [10.10.2013 12:01:27]

(%)АВТОНОМНЫЙ РЕЖИМ ВКЛЮЧЁН       [10.10.2013 12:01:29]
 . rfLogIn(Num=1,Psw="1")       [10.10.2013 12:01:29]
(X)АВТОНОМНЫЙ РЕЖИМ ВЫКЛЮЧЁН       [10.10.2013 12:01:45]
(%)АВТОНОМНЫЙ РЕЖИМ ВКЛЮЧЁН       [10.10.2013 12:01:50]
 . rfLogIn(Num=1,Psw="1")       [10.10.2013 12:01:50]



***ЗАПУСК ПРОГРАММЫ       [10.10.2013 14:02:09]




***ЗАПУСК ПРОГРАММЫ       [10.10.2013 14:40:13]

(%)АВТОНОМНЫЙ РЕЖИМ ВКЛЮЧЁН       [10.10.2013 14:40:15]
 . rfLogIn(Num=1,Psw="1")       [10.10.2013 14:40:15]
[*]НАЙДЕН ФАЙЛ: 144036.fil       [10.10.2013 14:40:36]


 * Обработка файла:       [10.10.2013 14:40:36]

 * Обработка команды: "9$1$100$Станція N 1"       [10.10.2013 14:40:36]
 . rfServicePay(payType=1,ASum=100)       [10.10.2013 14:40:36]
[*]НАЙДЕН ФАЙЛ: 144120.fil       [10.10.2013 14:41:23]


 * Обработка файла:       [10.10.2013 14:41:23]

 * Обработка команды: "9$0$100$Станція N  1"       [10.10.2013 14:41:23]
 . rfServicePay(payType=0,ASum=100)       [10.10.2013 14:41:23]

 * Обработка команды: "P$100$1$0$1$0$1$IНТЕРНЕТ/КОР КОМП$5$999000"       [10.10.2013 14:41:24]
 . rfProgramGoods(Code=100TaxId=1OpId=0DivId=1Qty=999000Price=5       [10.10.2013 14:41:24]

 * Обработка команды: "@$Станція №  1"       [10.10.2013 14:41:26]
 . rfComment(Comment="Станція №  1")       [10.10.2013 14:41:26]

 * Обработка команды: "!$100$1000"       [10.10.2013 14:41:26]
 . rfDoSale(Code=100,Qty=1000)       [10.10.2013 14:41:26]

 * Обработка команды: "2$100"       [10.10.2013 14:41:26]
 . rfDoPay(Sum=100)       [10.10.2013 14:41:26]



***ЗАПУСК ПРОГРАММЫ       [10.10.2013 14:42:15]

(%)АВТОНОМНЫЙ РЕЖИМ ВКЛЮЧЁН       [10.10.2013 14:42:18]
 . rfLogIn(Num=1,Psw="1")       [10.10.2013 14:42:18]



***ЗАПУСК ПРОГРАММЫ       [10.10.2013 16:13:40]

(%)АВТОНОМНЫЙ РЕЖИМ ВКЛЮЧЁН       [10.10.2013 16:13:41]
 . rfLogIn(Num=1,Psw="1")       [10.10.2013 16:13:41]
(X)АВТОНОМНЫЙ РЕЖИМ ВЫКЛЮЧЁН       [10.10.2013 16:13:53]
(%)АВТОНОМНЫЙ РЕЖИМ ВКЛЮЧЁН       [10.10.2013 16:13:54]
 . rfLogIn(Num=1,Psw="1")       [10.10.2013 16:13:54]



***ЗАПУСК ПРОГРАММЫ       [10.10.2013 16:24:58]

(%)АВТОНОМНЫЙ РЕЖИМ ВКЛЮЧЁН       [10.10.2013 16:25:00]
 . rfLogIn(Num=1,Psw="1")       [10.10.2013 16:25:00]
(X)АВТОНОМНЫЙ РЕЖИМ ВЫКЛЮЧЁН       [10.10.2013 16:25:11]
(%)АВТОНОМНЫЙ РЕЖИМ ВКЛЮЧЁН       [10.10.2013 16:25:13]
 . rfLogIn(Num=1,Psw="1")       [10.10.2013 16:25:13]
[*]НАЙДЕН ФАЙЛ: 162529.fil       [10.10.2013 16:25:29]


 * Обработка файла:       [10.10.2013 16:25:29]

 * Обработка команды: "9$1$100$Станція N 1"       [10.10.2013 16:25:29]
 . rfServicePay(payType=1,ASum=100)       [10.10.2013 16:25:29]
[*]НАЙДЕН ФАЙЛ: 162549.fil       [10.10.2013 16:25:50]


 * Обработка файла:       [10.10.2013 16:25:50]

 * Обработка команды: "9$0$100$Станція N  1"       [10.10.2013 16:25:50]
 . rfServicePay(payType=0,ASum=100)       [10.10.2013 16:25:50]

 * Обработка команды: "P$100$1$0$1$0$1$IНТЕРНЕТ/КОР КОМП$1$999000"       [10.10.2013 16:25:51]
 . rfProgramGoods(Code=100TaxId=1OpId=0DivId=1Qty=999000Price=1       [10.10.2013 16:25:51]

 * Обработка команды: "@$Станція №  1"       [10.10.2013 16:25:53]
 . rfComment(Comment="Станція №  1")       [10.10.2013 16:25:53]

 * Обработка команды: "!$100$1000"       [10.10.2013 16:25:53]
 . rfDoSale(Code=100,Qty=1000)       [10.10.2013 16:25:53]

 * Обработка команды: "2$100"       [10.10.2013 16:25:53]
 . rfDoPay(Sum=100)       [10.10.2013 16:25:53]
 . rfReport(repType=а,repMode=Z)       [10.10.2013 16:26:01]
(X)АВТОНОМНЫЙ РЕЖИМ ВЫКЛЮЧЁН       [10.10.2013 16:26:12]
(X)АВТОНОМНЫЙ РЕЖИМ ВЫКЛЮЧЁН       [10.10.2013 16:26:20]
(X)АВТОНОМНЫЙ РЕЖИМ ВЫКЛЮЧЁН       [10.10.2013 16:26:24]



***ЗАПУСК ПРОГРАММЫ       [10.10.2013 16:26:36]

(%)АВТОНОМНЫЙ РЕЖИМ ВКЛЮЧЁН       [10.10.2013 16:26:42]
 . rfLogIn(Num=1,Psw="1")       [10.10.2013 16:26:42]
(X)Произошла смена кассира       [10.10.2013 16:26:45]
(X)АВТОНОМНЫЙ РЕЖИМ ВЫКЛЮЧЁН       [10.10.2013 16:26:50]



***ЗАПУСК ПРОГРАММЫ       [10.10.2013 16:28:05]

(%)АВТОНОМНЫЙ РЕЖИМ ВКЛЮЧЁН       [10.10.2013 16:28:07]
 . rfLogIn(Num=1,Psw="1")       [10.10.2013 16:28:07]
 . rfReport(repType=а,repMode=X)       [10.10.2013 16:28:18]
[*]НАЙДЕН ФАЙЛ: 162832.fil       [10.10.2013 16:28:32]


 * Обработка файла:       [10.10.2013 16:28:32]

 * Обработка команды: "9$1$100$Станція N 1"       [10.10.2013 16:28:32]
 . rfServicePay(payType=1,ASum=100)       [10.10.2013 16:28:32]
[*]НАЙДЕН ФАЙЛ: 162850.fil       [10.10.2013 16:28:51]


 * Обработка файла:       [10.10.2013 16:28:51]

 * Обработка команды: "9$0$100$Станція N  1"       [10.10.2013 16:28:51]
 . rfServicePay(payType=0,ASum=100)       [10.10.2013 16:28:51]

 * Обработка команды: "P$100$1$0$1$0$1$IНТЕРНЕТ/КОР КОМП$1$999000"       [10.10.2013 16:28:52]
 . rfProgramGoods(Code=100TaxId=1OpId=0DivId=1Qty=999000Price=1       [10.10.2013 16:28:52]

 * Обработка команды: "@$Станція №  1"       [10.10.2013 16:28:54]
 . rfComment(Comment="Станція №  1")       [10.10.2013 16:28:54]

 * Обработка команды: "!$100$1000"       [10.10.2013 16:28:54]
 . rfDoSale(Code=100,Qty=1000)       [10.10.2013 16:28:54]

 * Обработка команды: "2$100"       [10.10.2013 16:28:54]
 . rfDoPay(Sum=100)       [10.10.2013 16:28:54]
 . rfReport(repType=а,repMode=Z)       [10.10.2013 16:29:05]



***ЗАПУСК ПРОГРАММЫ       [24.10.2013 15:44:40]




***ЗАПУСК ПРОГРАММЫ       [30.10.2013 10:25:48]

(%)АВТОНОМНЫЙ РЕЖИМ ВКЛЮЧЁН       [30.10.2013 10:26:01]
 . rfLogIn(Num=1,Psw="1")       [30.10.2013 10:26:01]
(X)Произошла смена кассира       [30.10.2013 10:26:05]
[*]НАЙДЕН ФАЙЛ: 102617.fil       [30.10.2013 10:26:17]


 * Обработка файла:       [30.10.2013 10:26:17]

 * Обработка команды: "9$1$1000$Станція N 1"       [30.10.2013 10:26:17]
 . rfServicePay(payType=1,ASum=1000)       [30.10.2013 10:26:17]
[*]НАЙДЕН ФАЙЛ: 102646.fil       [30.10.2013 10:26:46]


 * Обработка файла:       [30.10.2013 10:26:46]

 * Обработка команды: "9$0$1000$Станція N  1"       [30.10.2013 10:26:46]
 . rfServicePay(payType=0,ASum=1000)       [30.10.2013 10:26:46]

 * Обработка команды: "P$100$1$0$1$0$1$IНТЕРНЕТ/КОР КОМП$2$999000"       [30.10.2013 10:26:48]
 . rfProgramGoods(Code=100TaxId=1OpId=0DivId=1Qty=999000Price=2       [30.10.2013 10:26:48]

 * Обработка команды: "@$Станція №  1"       [30.10.2013 10:26:50]
 . rfComment(Comment="Станція №  1")       [30.10.2013 10:26:50]

 * Обработка команды: "!$100$1000"       [30.10.2013 10:26:50]
 . rfDoSale(Code=100,Qty=1000)       [30.10.2013 10:26:50]

 * Обработка команды: "2$1000"       [30.10.2013 10:26:50]
 . rfDoPay(Sum=1000)       [30.10.2013 10:26:50]
(E) Непредвиденная ошибка! Чек отменен! Помилка в команді PROCEDURE Oplata (42) Поля: 
ID (0) - 0
Sum (1) - 10
Code (2) - 5
 : ошибка аппарата 0xe0: ef_BadCode Using Client Code is disabled for this kind of payment       [30.10.2013 10:27:20]



***ЗАПУСК ПРОГРАММЫ       [30.10.2013 10:28:10]

(%)АВТОНОМНЫЙ РЕЖИМ ВКЛЮЧЁН       [30.10.2013 10:28:15]
 . rfLogIn(Num=1,Psw="1")       [30.10.2013 10:28:15]
[*]НАЙДЕН ФАЙЛ: 102832.fil       [30.10.2013 10:28:32]


 * Обработка файла:       [30.10.2013 10:28:32]

 * Обработка команды: "9$1$100$Станція N 1"       [30.10.2013 10:28:32]
 . rfServicePay(payType=1,ASum=100)       [30.10.2013 10:28:32]
[*]НАЙДЕН ФАЙЛ: 102857.fil       [30.10.2013 10:28:58]


 * Обработка файла:       [30.10.2013 10:28:58]

 * Обработка команды: "9$0$100$Станція N  1"       [30.10.2013 10:28:58]
 . rfServicePay(payType=0,ASum=100)       [30.10.2013 10:28:58]

 * Обработка команды: "P$100$1$0$1$0$1$IНТЕРНЕТ/КОР КОМП$2$999000"       [30.10.2013 10:29:00]
 . rfProgramGoods(Code=100TaxId=1OpId=0DivId=1Qty=999000Price=2       [30.10.2013 10:29:00]

 * Обработка команды: "@$Станція №  1"       [30.10.2013 10:29:01]
 . rfComment(Comment="Станція №  1")       [30.10.2013 10:29:01]

 * Обработка команды: "!$100$1000"       [30.10.2013 10:29:02]
 . rfDoSale(Code=100,Qty=1000)       [30.10.2013 10:29:02]

 * Обработка команды: "2$100"       [30.10.2013 10:29:02]
 . rfDoPay(Sum=100)       [30.10.2013 10:29:02]
(E) Непредвиденная ошибка! Чек отменен! Помилка в команді PROCEDURE Oplata (42) Поля: 
ID (0) - 5
Sum (1) - 1
Code (2) - 0
 : ошибка аппарата 0xf1: Not existing or disabled payment type       [30.10.2013 10:29:15]



***ЗАПУСК ПРОГРАММЫ       [30.10.2013 10:30:17]

(%)АВТОНОМНЫЙ РЕЖИМ ВКЛЮЧЁН       [30.10.2013 10:30:19]
 . rfLogIn(Num=1,Psw="1")       [30.10.2013 10:30:19]
[*]НАЙДЕН ФАЙЛ: 103039.fil       [30.10.2013 10:30:39]


 * Обработка файла:       [30.10.2013 10:30:39]

 * Обработка команды: "P$100$1$0$1$0$1$IНТЕРНЕТ/КОР КОМП$1$999000"       [30.10.2013 10:30:39]
 . rfProgramGoods(Code=100TaxId=1OpId=0DivId=1Qty=999000Price=1       [30.10.2013 10:30:39]

 * Обработка команды: "!$100$1000"       [30.10.2013 10:30:40]
 . rfDoSale(Code=100,Qty=1000)       [30.10.2013 10:30:40]

 * Обработка команды: "2$1"       [30.10.2013 10:30:40]
 . rfDoPay(Sum=1)       [30.10.2013 10:30:40]



***ЗАПУСК ПРОГРАММЫ       [30.10.2013 10:59:51]




***ЗАПУСК ПРОГРАММЫ       [30.10.2013 11:00:39]

(%)АВТОНОМНЫЙ РЕЖИМ ВКЛЮЧЁН       [30.10.2013 11:00:44]
 . rfLogIn(Num=1,Psw="1")       [30.10.2013 11:00:44]
[*]НАЙДЕН ФАЙЛ: 103039.fil       [30.10.2013 11:01:12]


 * Обработка файла:       [30.10.2013 11:01:12]

 * Обработка команды: "P$100$1$0$1$0$1$IНТЕРНЕТ/КОР КОМП$1$999000"       [30.10.2013 11:01:12]
 . rfProgramGoods(Code=100TaxId=1OpId=0DivId=1Qty=999000Price=1       [30.10.2013 11:01:12]

 * Обработка команды: "!$100$1000"       [30.10.2013 11:01:13]
 . rfDoSale(Code=100,Qty=1000)       [30.10.2013 11:01:13]

 * Обработка команды: "2$1$4"       [30.10.2013 11:01:13]
 . rfDoPay(Sum=1)       [30.10.2013 11:01:13]
[*]НАЙДЕН ФАЙЛ: 102857.fil       [30.10.2013 11:01:54]


 * Обработка файла:       [30.10.2013 11:01:54]

 * Обработка команды: "9$0$100$Станція N  1"       [30.10.2013 11:01:54]
 . rfServicePay(payType=0,ASum=100)       [30.10.2013 11:01:54]
(E) !Помилка в команді PROCEDURE InOut (43) Поля: 
ID (0) - 0
Sum (1) - -1
 : ошибка аппарата 0xf3: A negative sum of the Z1 report       [30.10.2013 11:01:56]
[*]НАЙДЕН ФАЙЛ: 110210.fil       [30.10.2013 11:02:11]


 * Обработка файла:       [30.10.2013 11:02:11]

 * Обработка команды: "9$1$100$Службовий"       [30.10.2013 11:02:11]
 . rfServicePay(payType=1,ASum=100)       [30.10.2013 11:02:11]
[*]НАЙДЕН ФАЙЛ: 102857.fil       [30.10.2013 11:02:21]


 * Обработка файла:       [30.10.2013 11:02:21]

 * Обработка команды: "9$0$100$Станція N  1"       [30.10.2013 11:02:21]
 . rfServicePay(payType=0,ASum=100)       [30.10.2013 11:02:21]

 * Обработка команды: "P$100$1$0$1$0$1$IНТЕРНЕТ/КОР КОМП$2$999000"       [30.10.2013 11:02:22]
 . rfProgramGoods(Code=100TaxId=1OpId=0DivId=1Qty=999000Price=2       [30.10.2013 11:02:22]

 * Обработка команды: "@$Станція №  1"       [30.10.2013 11:02:24]
 . rfComment(Comment="Станція №  1")       [30.10.2013 11:02:24]

 * Обработка команды: "!$100$1000"       [30.10.2013 11:02:24]
 . rfDoSale(Code=100,Qty=1000)       [30.10.2013 11:02:24]

 * Обработка команды: "2$100$0"       [30.10.2013 11:02:24]
 . rfDoPay(Sum=100)       [30.10.2013 11:02:24]
[*]НАЙДЕН ФАЙЛ: 102857.fil       [30.10.2013 11:03:16]


 * Обработка файла:       [30.10.2013 11:03:16]

 * Обработка команды: "9$0$100$Станція N  1"       [30.10.2013 11:03:16]
 . rfServicePay(payType=0,ASum=100)       [30.10.2013 11:03:16]
(E) !Помилка в команді PROCEDURE InOut (43) Поля: 
ID (0) - 0
Sum (1) - -1
 : ошибка аппарата 0xf3: A negative sum of the Z1 report       [30.10.2013 11:03:24]
[*]НАЙДЕН ФАЙЛ: 110339.fil       [30.10.2013 11:03:46]


 * Обработка файла:       [30.10.2013 11:03:46]

 * Обработка команды: "9$1$10000$Службовий"       [30.10.2013 11:03:46]
 . rfServicePay(payType=1,ASum=10000)       [30.10.2013 11:03:46]
[*]НАЙДЕН ФАЙЛ: 102857.fil       [30.10.2013 11:03:54]


 * Обработка файла:       [30.10.2013 11:03:54]

 * Обработка команды: "9$0$100$Станція N  1"       [30.10.2013 11:03:54]
 . rfServicePay(payType=0,ASum=100)       [30.10.2013 11:03:54]

 * Обработка команды: "P$100$1$0$1$0$1$IНТЕРНЕТ/КОР КОМП$2$999000"       [30.10.2013 11:03:56]
 . rfProgramGoods(Code=100TaxId=1OpId=0DivId=1Qty=999000Price=2       [30.10.2013 11:03:56]

 * Обработка команды: "@$Станція №  1"       [30.10.2013 11:03:57]
 . rfComment(Comment="Станція №  1")       [30.10.2013 11:03:57]

 * Обработка команды: "!$100$1000"       [30.10.2013 11:03:58]
 . rfDoSale(Code=100,Qty=1000)       [30.10.2013 11:03:58]

 * Обработка команды: "2$100$4"       [30.10.2013 11:03:58]
 . rfDoPay(Sum=100)       [30.10.2013 11:03:58]
(E) !Помилка в команді PROCEDURE Oplata (42) Поля: 
ID (0) - 4
Sum (1) - 1
Code (2) - 0
 : ошибка аппарата 0xe1: ef_BadSum Invalid sum of the payment       [30.10.2013 11:04:14]
[*]НАЙДЕН ФАЙЛ: 102857.fil       [30.10.2013 11:05:09]


 * Обработка файла:       [30.10.2013 11:05:09]

 * Обработка команды: "9$0$100$Станція N  1"       [30.10.2013 11:05:09]
 . rfServicePay(payType=0,ASum=100)       [30.10.2013 11:05:09]

 * Обработка команды: "P$100$1$0$1$0$1$IНТЕРНЕТ/КОР КОМП$2$999000"       [30.10.2013 11:05:11]
 . rfProgramGoods(Code=100TaxId=1OpId=0DivId=1Qty=999000Price=2       [30.10.2013 11:05:11]

 * Обработка команды: "@$Станція №  1"       [30.10.2013 11:05:12]
 . rfComment(Comment="Станція №  1")       [30.10.2013 11:05:12]

 * Обработка команды: "!$100$1000"       [30.10.2013 11:05:13]
 . rfDoSale(Code=100,Qty=1000)       [30.10.2013 11:05:13]

 * Обработка команды: "2$100$0"       [30.10.2013 11:05:13]
 . rfDoPay(Sum=100)       [30.10.2013 11:05:13]
[*]НАЙДЕН ФАЙЛ: 102857.fil       [30.10.2013 11:05:46]


 * Обработка файла:       [30.10.2013 11:05:46]

 * Обработка команды: "9$0$100$Станція N  1"       [30.10.2013 11:05:46]
 . rfServicePay(payType=0,ASum=100)       [30.10.2013 11:05:46]

 * Обработка команды: "P$100$1$0$1$0$1$IНТЕРНЕТ/КОР КОМП$2$999000"       [30.10.2013 11:05:48]
 . rfProgramGoods(Code=100TaxId=1OpId=0DivId=1Qty=999000Price=2       [30.10.2013 11:05:48]

 * Обработка команды: "@$Станція №  1"       [30.10.2013 11:05:50]
 . rfComment(Comment="Станція №  1")       [30.10.2013 11:05:50]

 * Обработка команды: "!$100$1000"       [30.10.2013 11:05:50]
 . rfDoSale(Code=100,Qty=1000)       [30.10.2013 11:05:50]

 * Обработка команды: "2$100$4"       [30.10.2013 11:05:50]
 . rfDoPay(Sum=100)       [30.10.2013 11:05:50]
(E) !Помилка в команді PROCEDURE Oplata (42) Поля: 
ID (0) - 4
Sum (1) - 1
Code (2) - 0
 : ошибка аппарата 0xe1: ef_BadSum Invalid sum of the payment       [30.10.2013 11:06:03]
[*]НАЙДЕН ФАЙЛ: 102857.fil       [30.10.2013 11:09:51]


 * Обработка файла:       [30.10.2013 11:09:51]

 * Обработка команды: "9$0$1000$Станція N  1"       [30.10.2013 11:09:51]
 . rfServicePay(payType=0,ASum=1000)       [30.10.2013 11:09:51]

 * Обработка команды: "P$100$1$0$1$0$1$IНТЕРНЕТ/КОР КОМП$200$999000"       [30.10.2013 11:09:53]
 . rfProgramGoods(Code=100TaxId=1OpId=0DivId=1Qty=999000Price=200       [30.10.2013 11:09:53]

 * Обработка команды: "@$Станція №  1"       [30.10.2013 11:09:55]
 . rfComment(Comment="Станція №  1")       [30.10.2013 11:09:55]

 * Обработка команды: "!$100$1000"       [30.10.2013 11:09:55]
 . rfDoSale(Code=100,Qty=1000)       [30.10.2013 11:09:55]

 * Обработка команды: "2$100$4"       [30.10.2013 11:09:55]
 . rfDoPay(Sum=100)       [30.10.2013 11:09:55]
(E) Непредвиденная ошибка! Чек отменен! Помилка в команді PROCEDURE EndChk (33)  : ошибка аппарата 0xf8: The payment for the check is not completed       [30.10.2013 11:10:03]



***ЗАПУСК ПРОГРАММЫ       [30.10.2013 11:11:13]

(%)АВТОНОМНЫЙ РЕЖИМ ВКЛЮЧЁН       [30.10.2013 11:11:14]
 . rfLogIn(Num=1,Psw="1")       [30.10.2013 11:11:14]
[*]НАЙДЕН ФАЙЛ: 111125.fil       [30.10.2013 11:11:26]


 * Обработка файла:       [30.10.2013 11:11:26]

 * Обработка команды: "9$1$1000$Станція N 1"       [30.10.2013 11:11:26]
 . rfServicePay(payType=1,ASum=1000)       [30.10.2013 11:11:26]
(X)АВТОНОМНЫЙ РЕЖИМ ВЫКЛЮЧЁН       [30.10.2013 11:11:39]
(%)АВТОНОМНЫЙ РЕЖИМ ВКЛЮЧЁН       [30.10.2013 11:14:31]
 . rfLogIn(Num=1,Psw="1")       [30.10.2013 11:14:31]
[*]НАЙДЕН ФАЙЛ: 111356.fil       [30.10.2013 11:14:36]


 * Обработка файла:       [30.10.2013 11:14:36]

 * Обработка команды: "9$0$1000$Станція N  1"       [30.10.2013 11:14:36]
 . rfServicePay(payType=0,ASum=1000)       [30.10.2013 11:14:36]

 * Обработка команды: "P$100$1$0$1$0$1$IНТЕРНЕТ/КОР КОМП$106$999000"       [30.10.2013 11:14:37]
 . rfProgramGoods(Code=100TaxId=1OpId=0DivId=1Qty=999000Price=106       [30.10.2013 11:14:37]

 * Обработка команды: "@$Станція №  1"       [30.10.2013 11:14:39]
 . rfComment(Comment="Станція №  1")       [30.10.2013 11:14:39]

 * Обработка команды: "!$100$1000"       [30.10.2013 11:14:39]
 . rfDoSale(Code=100,Qty=1000)       [30.10.2013 11:14:39]

 * Обработка команды: "2$1000$4"       [30.10.2013 11:14:39]
 . rfDoPay(Sum=1000)       [30.10.2013 11:14:39]
(E) !Помилка в команді PROCEDURE Oplata (42) Поля: 
ID (0) - 4
Sum (1) - 10
Code (2) - 0
 : ошибка аппарата 0xe1: ef_BadSum Invalid sum of the payment       [30.10.2013 11:14:42]



***ЗАПУСК ПРОГРАММЫ       [30.10.2013 11:17:28]

(%)АВТОНОМНЫЙ РЕЖИМ ВКЛЮЧЁН       [30.10.2013 11:17:33]
 . rfLogIn(Num=1,Psw="1")       [30.10.2013 11:17:33]
[*]НАЙДЕН ФАЙЛ: 111356.fil       [30.10.2013 11:17:44]


 * Обработка файла:       [30.10.2013 11:17:44]

 * Обработка команды: "9$0$1000$Станція N  1"       [30.10.2013 11:17:44]
 . rfServicePay(payType=0,ASum=1000)       [30.10.2013 11:17:44]

 * Обработка команды: "P$100$1$0$1$0$1$IНТЕРНЕТ/КОР КОМП$106$999000"       [30.10.2013 11:17:46]
 . rfProgramGoods(Code=100TaxId=1OpId=0DivId=1Qty=999000Price=106       [30.10.2013 11:17:46]

 * Обработка команды: "@$Станція №  1"       [30.10.2013 11:17:48]
 . rfComment(Comment="Станція №  1")       [30.10.2013 11:17:48]

 * Обработка команды: "!$100$1000"       [30.10.2013 11:17:48]
 . rfDoSale(Code=100,Qty=1000)       [30.10.2013 11:17:48]

 * Обработка команды: "2$1000$4"       [30.10.2013 11:17:48]
 . rfDoPay(Sum=0)       [30.10.2013 11:17:48]
[*]НАЙДЕН ФАЙЛ: 102857.fil       [30.10.2013 11:18:04]


 * Обработка файла:       [30.10.2013 11:18:04]

 * Обработка команды: "9$0$1000$Станція N  1"       [30.10.2013 11:18:04]
 . rfServicePay(payType=0,ASum=1000)       [30.10.2013 11:18:04]

 * Обработка команды: "P$100$1$0$1$0$1$IНТЕРНЕТ/КОР КОМП$200$999000"       [30.10.2013 11:18:05]
 . rfProgramGoods(Code=100TaxId=1OpId=0DivId=1Qty=999000Price=200       [30.10.2013 11:18:05]

 * Обработка команды: "@$Станція №  1"       [30.10.2013 11:18:07]
 . rfComment(Comment="Станція №  1")       [30.10.2013 11:18:07]

 * Обработка команды: "!$100$1000"       [30.10.2013 11:18:07]
 . rfDoSale(Code=100,Qty=1000)       [30.10.2013 11:18:07]

 * Обработка команды: "2$100$4"       [30.10.2013 11:18:07]
 . rfDoPay(Sum=0)       [30.10.2013 11:18:07]
[*]НАЙДЕН ФАЙЛ: 111356.fil       [30.10.2013 11:18:36]


 * Обработка файла:       [30.10.2013 11:18:36]

 * Обработка команды: "9$0$1000$Станція N  1"       [30.10.2013 11:18:36]
 . rfServicePay(payType=0,ASum=1000)       [30.10.2013 11:18:36]

 * Обработка команды: "P$100$1$0$1$0$1$IНТЕРНЕТ/КОР КОМП$106$999000"       [30.10.2013 11:18:38]
 . rfProgramGoods(Code=100TaxId=1OpId=0DivId=1Qty=999000Price=106       [30.10.2013 11:18:38]

 * Обработка команды: "@$Станція №  1"       [30.10.2013 11:18:39]
 . rfComment(Comment="Станція №  1")       [30.10.2013 11:18:39]

 * Обработка команды: "!$100$1000"       [30.10.2013 11:18:40]
 . rfDoSale(Code=100,Qty=1000)       [30.10.2013 11:18:40]

 * Обработка команды: "2$1000$0"       [30.10.2013 11:18:40]
 . rfDoPay(Sum=1000)       [30.10.2013 11:18:40]



***ЗАПУСК ПРОГРАММЫ       [30.10.2013 15:08:19]




***ЗАПУСК ПРОГРАММЫ       [30.10.2013 15:09:42]

(%)АВТОНОМНЫЙ РЕЖИМ ВКЛЮЧЁН       [30.10.2013 15:11:49]
 . rfLogIn(Num=1,Psw="1")       [30.10.2013 15:11:49]
[*]НАЙДЕН ФАЙЛ: 150745.fil       [30.10.2013 15:11:53]


 * Обработка файла:       [30.10.2013 15:11:53]

 * Обработка команды: "9$1$1000$Станція N 1"       [30.10.2013 15:11:53]
 . rfServicePay(payType=1,ASum=1000)       [30.10.2013 15:11:53]



***ЗАПУСК ПРОГРАММЫ       [30.10.2013 15:24:40]

(%)АВТОНОМНЫЙ РЕЖИМ ВКЛЮЧЁН       [30.10.2013 15:24:44]
 . rfLogIn(Num=1,Psw="1")       [30.10.2013 15:24:44]
(E) !Логический номер не зарегистрирован в системе       [30.10.2013 15:24:51]
(%)АВТОНОМНЫЙ РЕЖИМ ВКЛЮЧЁН       [30.10.2013 15:25:10]
 . rfLogIn(Num=1,Psw="1")       [30.10.2013 15:25:10]
(X)АВТОНОМНЫЙ РЕЖИМ ВЫКЛЮЧЁН       [30.10.2013 15:27:39]



***ЗАПУСК ПРОГРАММЫ       [30.10.2013 15:33:55]

(%)АВТОНОМНЫЙ РЕЖИМ ВКЛЮЧЁН       [30.10.2013 15:33:56]
 . rfLogIn(Num=1,Psw="1")       [30.10.2013 15:33:56]



***ЗАПУСК ПРОГРАММЫ       [30.10.2013 15:35:33]

(%)АВТОНОМНЫЙ РЕЖИМ ВКЛЮЧЁН       [30.10.2013 15:35:35]
 . rfLogIn(Num=1,Psw="1")       [30.10.2013 15:35:35]
(E) !Логический номер не зарегистрирован в системе       [30.10.2013 15:35:37]
(%)АВТОНОМНЫЙ РЕЖИМ ВКЛЮЧЁН       [30.10.2013 15:35:42]
 . rfLogIn(Num=1,Psw="1")       [30.10.2013 15:35:42]



***ЗАПУСК ПРОГРАММЫ       [30.10.2013 15:38:27]

(%)АВТОНОМНЫЙ РЕЖИМ ВКЛЮЧЁН       [30.10.2013 15:38:30]
 . rfLogIn(Num=1,Psw="1")       [30.10.2013 15:38:30]
(X)АВТОНОМНЫЙ РЕЖИМ ВЫКЛЮЧЁН       [30.10.2013 15:38:59]
(%)АВТОНОМНЫЙ РЕЖИМ ВКЛЮЧЁН       [30.10.2013 15:39:16]
 . rfLogIn(Num=1,Psw="1")       [30.10.2013 15:39:16]
 . rfReport(repType=а,repMode=X)       [30.10.2013 15:39:30]
 . rfReport(repType=а,repMode=Z)       [30.10.2013 15:41:50]
(%)АВТОНОМНЫЙ РЕЖИМ ВКЛЮЧЁН       [30.10.2013 15:42:07]
 . rfLogIn(Num=1,Psw="1")       [30.10.2013 15:42:07]
(X)Произошла смена кассира       [30.10.2013 15:42:14]
[*]НАЙДЕН ФАЙЛ: 154231.fil       [30.10.2013 15:42:31]


 * Обработка файла:       [30.10.2013 15:42:31]

 * Обработка команды: "9$1$1000$Службовий"       [30.10.2013 15:42:31]
 . rfServicePay(payType=1,ASum=1000)       [30.10.2013 15:42:31]
[*]НАЙДЕН ФАЙЛ: 154247.fil       [30.10.2013 15:42:48]


 * Обработка файла:       [30.10.2013 15:42:48]

 * Обработка команды: "9$0$1000$Станція N  1"       [30.10.2013 15:42:48]
 . rfServicePay(payType=0,ASum=1000)       [30.10.2013 15:42:48]

 * Обработка команды: "P$100$1$0$1$0$1$IНТЕРНЕТ/КОР КОМП$301$999000"       [30.10.2013 15:42:49]
 . rfProgramGoods(Code=100TaxId=1OpId=0DivId=1Qty=999000Price=301       [30.10.2013 15:42:49]

 * Обработка команды: "@$Станція №  1"       [30.10.2013 15:42:51]
 . rfComment(Comment="Станція №  1")       [30.10.2013 15:42:51]

 * Обработка команды: "!$100$1000"       [30.10.2013 15:42:51]
 . rfDoSale(Code=100,Qty=1000)       [30.10.2013 15:42:51]

 * Обработка команды: "2$1000$4"       [30.10.2013 15:42:51]
 . rfDoPay(Sum=0)       [30.10.2013 15:42:51]
[*]НАЙДЕН ФАЙЛ: 154306.fil       [30.10.2013 15:43:06]


 * Обработка файла:       [30.10.2013 15:43:06]

 * Обработка команды: "P$100$1$0$1$0$1$IНТЕРНЕТ/КОР КОМП$600$999000"       [30.10.2013 15:43:06]
 . rfProgramGoods(Code=100TaxId=1OpId=0DivId=1Qty=999000Price=600       [30.10.2013 15:43:06]

 * Обработка команды: "!$100$1000"       [30.10.2013 15:43:06]
 . rfDoSale(Code=100,Qty=1000)       [30.10.2013 15:43:06]

 * Обработка команды: "2$600$0"       [30.10.2013 15:43:06]
 . rfDoPay(Sum=600)       [30.10.2013 15:43:06]



***ЗАПУСК ПРОГРАММЫ       [30.10.2013 16:12:54]

(%)АВТОНОМНЫЙ РЕЖИМ ВКЛЮЧЁН       [30.10.2013 16:12:55]
 . rfLogIn(Num=1,Psw="1")       [30.10.2013 16:12:55]
(X)АВТОНОМНЫЙ РЕЖИМ ВЫКЛЮЧЁН       [30.10.2013 16:13:51]



***ЗАПУСК ПРОГРАММЫ       [30.10.2013 16:38:54]

(%)АВТОНОМНЫЙ РЕЖИМ ВКЛЮЧЁН       [30.10.2013 16:38:59]
 . rfLogIn(Num=1,Psw="1")       [30.10.2013 16:38:59]



***ЗАПУСК ПРОГРАММЫ       [01.08.2014 10:05:40]

