[\\KV-CK-CITK-W002]
0  0.00000000  fpinit.exe  IRP_MJ_CREATE  Serial0  Options: Open 
0  0.00005448  SUCCESS  
22  0.00000000  fpinit.exe  IRP_MJ_READ  Serial0  Length 1024
23  0.00000000  fpinit.exe  IRP_MJ_READ  Serial0  Length 1024
24  0.00000000  fpinit.exe  IRP_MJ_WRITE  Serial0  Length 1: .
24  0.00002067  SUCCESS  
25  0.00000000  fpinit.exe  IRP_MJ_WRITE  Serial0  Length 2: .A
25  0.00024808  SUCCESS  
22  0.02898637  TIMEOUT  Length 6: .a..a.
23  0.49773533  TIMEOUT  Length 3: .a.
29  0.00000000  fpinit.exe  IRP_MJ_READ  Serial0  Length 1024
30  0.00000000  fpinit.exe  IRP_MJ_READ  Serial0  Length 1024
31  0.00000000  fpinit.exe  IRP_MJ_WRITE  Serial0  Length 1: .
31  0.00002067  SUCCESS  
32  0.00000000  fpinit.exe  IRP_MJ_WRITE  Serial0  Length 2: .A
32  0.00026009  SUCCESS  
29  0.03114362  TIMEOUT  Length 3: .a.
33  0.00000000  fpinit.exe  IRP_MJ_READ  Serial0  Length 1024
34  0.00000000  fpinit.exe  IRP_MJ_WRITE  Serial0  Length 2: .R
34  0.00002207  SUCCESS  
30  0.06238083  TIMEOUT  Length 11: .b.....SA..
35  0.00000000  fpinit.exe  IRP_MJ_READ  Serial0  Length 1024
36  0.00000000  fpinit.exe  IRP_MJ_WRITE  Serial0  Length 15: ...QA......Qfu.
36  0.00344904  SUCCESS  
33  0.06238670  TIMEOUT  Length 17: .a...a..Qp..a..a.
37  0.00000000  fpinit.exe  IRP_MJ_READ  Serial0  Length 1024
35  0.53113259  TIMEOUT  Length 3: .a.
37  0.99987540  TIMEOUT  Length 3: .a.
41  0.00000000  fpinit.exe  IRP_MJ_READ  Serial0  Length 1024
42  0.00000000  fpinit.exe  IRP_MJ_READ  Serial0  Length 1024
43  0.00000000  fpinit.exe  IRP_MJ_WRITE  Serial0  Length 1: .
43  0.00002123  SUCCESS  
44  0.00000000  fpinit.exe  IRP_MJ_WRITE  Serial0  Length 2: .B
44  0.00024137  SUCCESS  
45  0.00000000  fpinit.exe  IRP_MJ_WRITE  Serial0  Length 8: ....Q...
45  0.00028663  SUCCESS  
41  0.03115452  TIMEOUT  Length 19: .a..a..a.....a..Q.Z
46  0.00000000  fpinit.exe  IRP_MJ_READ  Serial0  Length 1024
47  0.00000000  fpinit.exe  IRP_MJ_WRITE  Serial0  Length 20: ...G....Q.......Q.l.
47  0.00347223  SUCCESS  
42  0.07801774  TIMEOUT  Length 21: .a..a..2.a.....a..Qf.
48  0.00000000  fpinit.exe  IRP_MJ_READ  Serial0  Length 1024
46  0.53112225  TIMEOUT  Length 3: .a.
49  0.00000000  fpinit.exe  IRP_MJ_READ  Serial0  Length 1024
48  0.98426532  TIMEOUT  Length 3: .a.
50  0.00000000  fpinit.exe  IRP_MJ_READ  Serial0  Length 1024
49  0.99989663  TIMEOUT  Length 3: .a.
51  0.00000000  fpinit.exe  IRP_MJ_READ  Serial0  Length 1024
50  0.99988937  TIMEOUT  Length 3: .a.
52  0.00000000  fpinit.exe  IRP_MJ_READ  Serial0  Length 1024
51  0.99988881  TIMEOUT  Length 3: .a.
52  0.99989272  TIMEOUT  Length 3: .a.
53  0.00000000  fpinit.exe  IRP_MJ_WRITE  Serial0  Length 3: ..C
53  0.00002654  SUCCESS  
54  0.00000000  fpinit.exe  IRP_MJ_CLEANUP  Serial0  
54  0.00000335  SUCCESS  
55  0.00000000  fpinit.exe  IRP_MJ_CLOSE  Serial0  
55  0.00433016  SUCCESS  
